[debug] [2025-02-06T19:38:17.335Z] ----------------------------------------------------------------------
[debug] [2025-02-06T19:38:17.339Z] Command:       C:\Program Files\nodejs\node.exe C:\Users\beatr\AppData\Roaming\npm\node_modules\firebase-tools\lib\bin\firebase.js emulators:start
[debug] [2025-02-06T19:38:17.340Z] CLI Version:   13.29.2
[debug] [2025-02-06T19:38:17.340Z] Platform:      win32
[debug] [2025-02-06T19:38:17.340Z] Node Version:  v20.17.0
[debug] [2025-02-06T19:38:17.340Z] Time:          Thu Feb 06 2025 19:38:17 GMT+0000 (Horário Padrão da Europa Ocidental)
[debug] [2025-02-06T19:38:17.341Z] ----------------------------------------------------------------------
[debug] 
[debug] [2025-02-06T19:38:17.672Z] > command requires scopes: ["email","openid","https://www.googleapis.com/auth/cloudplatformprojects.readonly","https://www.googleapis.com/auth/firebase","https://www.googleapis.com/auth/cloud-platform"]
[debug] [2025-02-06T19:38:17.673Z] > authorizing via signed-in user (dtsi@thirstproject.pt)
[debug] [2025-02-06T19:38:18.055Z] java version "21.0.5" 2024-10-15 LTS

[debug] [2025-02-06T19:38:18.056Z] Java(TM) SE Runtime Environment (build 21.0.5+9-LTS-239)
Java HotSpot(TM) 64-Bit Server VM (build 21.0.5+9-LTS-239, mixed mode, sharing)

[debug] [2025-02-06T19:38:18.075Z] Parsed Java major version: 21
[info] i  emulators: Starting emulators: functions, firestore, extensions {"metadata":{"emulator":{"name":"hub"},"message":"Starting emulators: functions, firestore, extensions"}}
[debug] [2025-02-06T19:38:18.080Z] Checked if tokens are valid: true, expires at: 1738871788260
[debug] [2025-02-06T19:38:18.081Z] Checked if tokens are valid: true, expires at: 1738871788260
[debug] [2025-02-06T19:38:18.082Z] >>> [apiv2][query] GET https://cloudresourcemanager.googleapis.com/v1/projects/gala-thirst [none]
[debug] [2025-02-06T19:38:18.925Z] <<< [apiv2][status] GET https://cloudresourcemanager.googleapis.com/v1/projects/gala-thirst 200
[debug] [2025-02-06T19:38:18.925Z] <<< [apiv2][body] GET https://cloudresourcemanager.googleapis.com/v1/projects/gala-thirst {"projectNumber":"551601274824","projectId":"gala-thirst","lifecycleState":"ACTIVE","name":"gala-thirst","labels":{"firebase":"enabled","firebase-core":"disabled"},"createTime":"2025-01-17T12:09:30.385618Z","parent":{"type":"organization","id":"500501231854"}}
[debug] [2025-02-06T19:38:18.939Z] [logging] Logging Emulator only supports listening on one address (127.0.0.1). Not listening on ::1
[debug] [2025-02-06T19:38:18.939Z] [firestore] Firestore Emulator only supports listening on one address (127.0.0.1). Not listening on ::1
[debug] [2025-02-06T19:38:18.941Z] [firestore.websocket] websocket server for firestore only supports listening on one address (127.0.0.1). Not listening on ::1
[debug] [2025-02-06T19:38:18.941Z] assigned listening specs for emulators {"user":{"hub":[{"address":"127.0.0.1","family":"IPv4","port":4400},{"address":"::1","family":"IPv6","port":4400}],"ui":[{"address":"127.0.0.1","family":"IPv4","port":4000},{"address":"::1","family":"IPv6","port":4000}],"logging":[{"address":"127.0.0.1","family":"IPv4","port":4500}],"firestore":[{"address":"127.0.0.1","family":"IPv4","port":9090}],"firestore.websocket":[{"address":"127.0.0.1","family":"IPv4","port":9151}]},"metadata":{"message":"assigned listening specs for emulators"}}
[debug] [2025-02-06T19:38:18.946Z] [hub] writing locator at C:\Users\beatr\AppData\Local\Temp\hub-gala-thirst.json
[debug] [2025-02-06T19:38:18.956Z] [Extensions] Started Extensions emulator, this is a noop.
[debug] [2025-02-06T19:38:18.963Z] [functions] Functions Emulator only supports listening on one address (127.0.0.1). Not listening on ::1
[debug] [2025-02-06T19:38:18.963Z] [eventarc] Eventarc Emulator only supports listening on one address (127.0.0.1). Not listening on ::1
[debug] [2025-02-06T19:38:18.963Z] [tasks] Cloud Tasks Emulator only supports listening on one address (127.0.0.1). Not listening on ::1
[debug] [2025-02-06T19:38:18.963Z] late-assigned ports for functions and eventarc emulators {"user":{"hub":[{"address":"127.0.0.1","family":"IPv4","port":4400},{"address":"::1","family":"IPv6","port":4400}],"ui":[{"address":"127.0.0.1","family":"IPv4","port":4000},{"address":"::1","family":"IPv6","port":4000}],"logging":[{"address":"127.0.0.1","family":"IPv4","port":4500}],"firestore":[{"address":"127.0.0.1","family":"IPv4","port":9090}],"firestore.websocket":[{"address":"127.0.0.1","family":"IPv4","port":9151}],"functions":[{"address":"127.0.0.1","family":"IPv4","port":5001}],"eventarc":[{"address":"127.0.0.1","family":"IPv4","port":9299}],"tasks":[{"address":"127.0.0.1","family":"IPv4","port":9499}]},"metadata":{"message":"late-assigned ports for functions and eventarc emulators"}}
[warn] !  functions: The following emulators are not running, calls to these services from the Functions emulator will affect production: apphosting, auth, database, hosting, pubsub, storage, dataconnect {"metadata":{"emulator":{"name":"functions"},"message":"The following emulators are not running, calls to these services from the Functions emulator will affect production: \u001b[1mapphosting, auth, database, hosting, pubsub, storage, dataconnect\u001b[22m"}}
[debug] [2025-02-06T19:38:18.967Z] defaultcredentials: writing to file C:\Users\beatr\AppData\Roaming\firebase\dtsi_thirstproject_pt_application_default_credentials.json
[debug] [2025-02-06T19:38:18.971Z] Setting GAC to C:\Users\beatr\AppData\Roaming\firebase\dtsi_thirstproject_pt_application_default_credentials.json {"metadata":{"emulator":{"name":"functions"},"message":"Setting GAC to C:\\Users\\beatr\\AppData\\Roaming\\firebase\\dtsi_thirstproject_pt_application_default_credentials.json"}}
[debug] [2025-02-06T19:38:18.972Z] Checked if tokens are valid: true, expires at: 1738871788260
[debug] [2025-02-06T19:38:18.973Z] Checked if tokens are valid: true, expires at: 1738871788260
[debug] [2025-02-06T19:38:18.973Z] >>> [apiv2][query] GET https://firebase.googleapis.com/v1beta1/projects/gala-thirst/adminSdkConfig [none]
[debug] [2025-02-06T19:38:19.295Z] <<< [apiv2][status] GET https://firebase.googleapis.com/v1beta1/projects/gala-thirst/adminSdkConfig 200
[debug] [2025-02-06T19:38:19.296Z] <<< [apiv2][body] GET https://firebase.googleapis.com/v1beta1/projects/gala-thirst/adminSdkConfig {"projectId":"gala-thirst","storageBucket":"gala-thirst.firebasestorage.app"}
[debug] [2025-02-06T19:38:19.324Z] Ignoring unsupported arg: auto_download {"metadata":{"emulator":{"name":"firestore"},"message":"Ignoring unsupported arg: auto_download"}}
[debug] [2025-02-06T19:38:19.324Z] Ignoring unsupported arg: single_project_mode_error {"metadata":{"emulator":{"name":"firestore"},"message":"Ignoring unsupported arg: single_project_mode_error"}}
[debug] [2025-02-06T19:38:19.325Z] Starting Firestore Emulator with command {"binary":"java","args":["-Dgoogle.cloud_firestore.debug_log_level=FINE","-Duser.language=en","-jar","C:\\Users\\beatr\\.cache\\firebase\\emulators\\cloud-firestore-emulator-v1.19.8.jar","--host","127.0.0.1","--port",9090,"--websocket_port",9151,"--project_id","gala-thirst","--rules","C:\\gala-thirst\\firestore.rules","--single_project_mode",true,"--functions_emulator","127.0.0.1:5001"],"optionalArgs":["port","webchannel_port","host","rules","websocket_port","functions_emulator","seed_from_export","project_id","single_project_mode"],"joinArgs":false,"shell":false,"port":9090} {"metadata":{"emulator":{"name":"firestore"},"message":"Starting Firestore Emulator with command {\"binary\":\"java\",\"args\":[\"-Dgoogle.cloud_firestore.debug_log_level=FINE\",\"-Duser.language=en\",\"-jar\",\"C:\\\\Users\\\\beatr\\\\.cache\\\\firebase\\\\emulators\\\\cloud-firestore-emulator-v1.19.8.jar\",\"--host\",\"127.0.0.1\",\"--port\",9090,\"--websocket_port\",9151,\"--project_id\",\"gala-thirst\",\"--rules\",\"C:\\\\gala-thirst\\\\firestore.rules\",\"--single_project_mode\",true,\"--functions_emulator\",\"127.0.0.1:5001\"],\"optionalArgs\":[\"port\",\"webchannel_port\",\"host\",\"rules\",\"websocket_port\",\"functions_emulator\",\"seed_from_export\",\"project_id\",\"single_project_mode\"],\"joinArgs\":false,\"shell\":false,\"port\":9090}"}}
[info] i  firestore: Firestore Emulator logging to firestore-debug.log {"metadata":{"emulator":{"name":"firestore"},"message":"Firestore Emulator logging to \u001b[1mfirestore-debug.log\u001b[22m"}}
[debug] [2025-02-06T19:38:22.344Z] Feb 06, 2025 7:38:22 PM com.google.cloud.datastore.emulator.firestore.websocket.WebSocketServer start
INFO: Started WebSocket server on ws://127.0.0.1:9151
 {"metadata":{"emulator":{"name":"firestore"},"message":"Feb 06, 2025 7:38:22 PM com.google.cloud.datastore.emulator.firestore.websocket.WebSocketServer start\r\nINFO: Started WebSocket server on ws://127.0.0.1:9151\r\n"}}
[debug] [2025-02-06T19:38:22.486Z] API endpoint: http:// {"metadata":{"emulator":{"name":"firestore"},"message":"API endpoint: http://"}}
[debug] [2025-02-06T19:38:22.487Z] 127.0.0.1:9090
If you are using a library that supports the FIRESTORE_EMULATOR_HOST environment variable, run:

   export FIRESTORE_EMULATOR_HOST=127.0.0.1:9090

If you are running a Firestore in Datastore Mode project, run:

   export DATASTORE_EMULATOR_HOST=127.0.0.1:9090

Note: Support for Datastore Mode is in preview. If you encounter any bugs please file at https://github.com/firebase/firebase-tools/issues.
Dev App Server is now running.

 {"metadata":{"emulator":{"name":"firestore"},"message":"127.0.0.1:9090\nIf you are using a library that supports the FIRESTORE_EMULATOR_HOST environment variable, run:\r\n\n   export FIRESTORE_EMULATOR_HOST=127.0.0.1:9090\n\nIf you are running a Firestore in Datastore Mode project, run:\r\n\n   export DATASTORE_EMULATOR_HOST=127.0.0.1:9090\n\nNote: Support for Datastore Mode is in preview. If you encounter any bugs please file at https://github.com/firebase/firebase-tools/issues.\r\nDev App Server is now running.\n\r\n"}}
[info] +  firestore: Firestore Emulator UI websocket is running on 9151. {"metadata":{"emulator":{"name":"firestore"},"message":"Firestore Emulator UI websocket is running on 9151."}}
[debug] [2025-02-06T19:38:22.703Z] [Extensions] Connecting Extensions emulator, this is a noop.
[info] i  functions: Watching "C:\gala-thirst\functions" for Cloud Functions... {"metadata":{"emulator":{"name":"functions"},"message":"Watching \"C:\\gala-thirst\\functions\" for Cloud Functions..."}}
[debug] [2025-02-06T19:38:22.716Z] Validating nodejs source
[warn] !  functions: package.json indicates an outdated version of firebase-functions. Please upgrade using npm install --save firebase-functions@latest in your functions directory. 
[debug] [2025-02-06T19:38:24.013Z] > [functions] package.json contents: {
  "name": "functions",
  "description": "Cloud Functions for Firebase",
  "scripts": {
    "lint": "eslint .",
    "serve": "firebase emulators:start --only functions",
    "shell": "firebase functions:shell",
    "start": "npm run shell",
    "deploy": "firebase deploy --only functions",
    "logs": "firebase functions:log"
  },
  "engines": {
    "node": "22"
  },
  "main": "index.js",
  "dependencies": {
    "dotenv": "^16.4.7",
    "firebase-admin": "^12.6.0",
    "firebase-functions": "^6.0.1"
  },
  "devDependencies": {
    "eslint": "^8.15.0",
    "eslint-config-google": "^0.14.0",
    "firebase-functions-test": "^3.1.0"
  },
  "private": true
}
[debug] [2025-02-06T19:38:24.013Z] Building nodejs source
[debug] [2025-02-06T19:38:24.014Z] Failed to find version of module node: reached end of search path C:\gala-thirst\functions\node_modules
[warn] !  functions: Your requested "node" version "22" doesn't match your global version "20". Using node@20 from host. 
[info] i  functions: Loaded environment variables from .env. 
[debug] [2025-02-06T19:38:24.022Z] Could not find functions.yaml. Must use http discovery
[debug] [2025-02-06T19:38:24.038Z] Found firebase-functions binary at 'C:\gala-thirst\functions\node_modules\.bin\firebase-functions'
[debug] [2025-02-06T19:38:24.127Z] Feb 06, 2025 7:38:24 PM com.google.cloud.datastore.emulator.firestore.websocket.WebSocketChannelHandler initChannel
INFO: Connected to new websocket client
 {"metadata":{"emulator":{"name":"firestore"},"message":"Feb 06, 2025 7:38:24 PM com.google.cloud.datastore.emulator.firestore.websocket.WebSocketChannelHandler initChannel\r\nINFO: Connected to new websocket client\r\n"}}
[info] Serving at port 8331

[debug] [2025-02-06T19:38:25.141Z] Got response from /__/functions.yaml {"endpoints":{"moneyRequest":{"availableMemoryMb":null,"timeoutSeconds":null,"minInstances":null,"maxInstances":null,"ingressSettings":null,"concurrency":null,"serviceAccountEmail":null,"vpc":null,"platform":"gcfv2","labels":{},"eventTrigger":{"eventType":"google.cloud.firestore.document.v1.created","eventFilters":{"database":"(default)","namespace":"(default)"},"eventFilterPathPatterns":{"document":"ticketBuyer/{id}"},"retry":false},"entryPoint":"moneyRequest"},"moneyDonation":{"availableMemoryMb":null,"timeoutSeconds":null,"minInstances":null,"maxInstances":null,"ingressSettings":null,"concurrency":null,"serviceAccountEmail":null,"vpc":null,"platform":"gcfv2","labels":{},"eventTrigger":{"eventType":"google.cloud.firestore.document.v1.updated","eventFilters":{"database":"(default)","namespace":"(default)"},"eventFilterPathPatterns":{"document":"afterGala/{id}"},"retry":false},"entryPoint":"moneyDonation"}},"specVersion":"v1alpha1","requiredAPIs":[],"extensions":{}}
[debug] [2025-02-06T19:38:27.079Z] Feb 06, 2025 7:38:27 PM io.gapi.emulators.netty.HttpVersionRoutingHandler channelRead
INFO: Detected non-HTTP/2 connection.
 {"metadata":{"emulator":{"name":"firestore"},"message":"Feb 06, 2025 7:38:27 PM io.gapi.emulators.netty.HttpVersionRoutingHandler channelRead\r\nINFO: Detected non-HTTP/2 connection.\r\n"}}
[debug] [2025-02-06T19:38:27.116Z] Feb 06, 2025 7:38:27 PM io.gapi.emulators.netty.HttpVersionRoutingHandler channelRead
INFO: Detected non-HTTP/2 connection.
 {"metadata":{"emulator":{"name":"firestore"},"message":"Feb 06, 2025 7:38:27 PM io.gapi.emulators.netty.HttpVersionRoutingHandler channelRead\r\nINFO: Detected non-HTTP/2 connection.\r\n"}}
[debug] [2025-02-06T19:38:27.348Z] Feb 06, 2025 7:38:27 PM io.gapi.emulators.netty.HttpVersionRoutingHandler channelRead
INFO: Detected HTTP/2 connection.
 {"metadata":{"emulator":{"name":"firestore"},"message":"Feb 06, 2025 7:38:27 PM io.gapi.emulators.netty.HttpVersionRoutingHandler channelRead\r\nINFO: Detected HTTP/2 connection.\r\n"}}
[debug] [2025-02-06T19:38:28.981Z] Feb 06, 2025 7:38:28 PM io.gapi.emulators.netty.HttpVersionRoutingHandler channelRead
INFO: Detected non-HTTP/2 connection.
 {"metadata":{"emulator":{"name":"firestore"},"message":"Feb 06, 2025 7:38:28 PM io.gapi.emulators.netty.HttpVersionRoutingHandler channelRead\r\nINFO: Detected non-HTTP/2 connection.\r\n"}}
[debug] [2025-02-06T19:38:30.193Z] defaultcredentials: writing to file C:\Users\beatr\AppData\Roaming\firebase\dtsi_thirstproject_pt_application_default_credentials.json
[debug] [2025-02-06T19:38:30.195Z] Setting GAC to C:\Users\beatr\AppData\Roaming\firebase\dtsi_thirstproject_pt_application_default_credentials.json {"metadata":{"emulator":{"name":"functions"},"message":"Setting GAC to C:\\Users\\beatr\\AppData\\Roaming\\firebase\\dtsi_thirstproject_pt_application_default_credentials.json"}}
[info] +  functions: Loaded functions definitions from source: moneyRequest, moneyDonation. {"metadata":{"emulator":{"name":"functions"},"message":"Loaded functions definitions from source: moneyRequest, moneyDonation."}}
[debug] [2025-02-06T19:38:30.201Z] Found a v2 firestore trigger.
[debug] [2025-02-06T19:38:30.202Z] addFirestoreTrigger "{\"eventType\":\"google.cloud.firestore.document.v1.created\",\"database\":\"(default)\",\"namespace\":\"(default)\",\"document\":{\"value\":\"ticketBuyer/{id}\",\"matchType\":\"PATH_PATTERN\"}}"
[debug] [2025-02-06T19:38:30.202Z] >>> [apiv2][query] POST http://127.0.0.1:9090/emulator/v1/projects/gala-thirst/eventarcTrigger?eventarcTriggerId=us-central1-moneyRequest-0 [none]
[debug] [2025-02-06T19:38:30.202Z] >>> [apiv2][body] POST http://127.0.0.1:9090/emulator/v1/projects/gala-thirst/eventarcTrigger?eventarcTriggerId=us-central1-moneyRequest-0 "{\"eventType\":\"google.cloud.firestore.document.v1.created\",\"database\":\"(default)\",\"namespace\":\"(default)\",\"document\":{\"value\":\"ticketBuyer/{id}\",\"matchType\":\"PATH_PATTERN\"}}"
[debug] [2025-02-06T19:38:30.210Z] Feb 06, 2025 7:38:30 PM io.gapi.emulators.netty.HttpVersionRoutingHandler channelRead
INFO: Detected non-HTTP/2 connection.
 {"metadata":{"emulator":{"name":"firestore"},"message":"Feb 06, 2025 7:38:30 PM io.gapi.emulators.netty.HttpVersionRoutingHandler channelRead\r\nINFO: Detected non-HTTP/2 connection.\r\n"}}
[debug] [2025-02-06T19:38:30.291Z] <<< [apiv2][status] POST http://127.0.0.1:9090/emulator/v1/projects/gala-thirst/eventarcTrigger?eventarcTriggerId=us-central1-moneyRequest-0 200
[debug] [2025-02-06T19:38:30.291Z] <<< [apiv2][body] POST http://127.0.0.1:9090/emulator/v1/projects/gala-thirst/eventarcTrigger?eventarcTriggerId=us-central1-moneyRequest-0 {"eventType":"google.cloud.firestore.document.v1.created","database":"(default)","namespace":"(default)","document":{"value":"ticketBuyer/{id}","matchType":"PATH_PATTERN"}}
[info] +  functions[us-central1-moneyRequest]: firestore function initialized. {"metadata":{"emulator":{"name":"functions"},"message":"\u001b[1mfirestore\u001b[22m function initialized."}}
[debug] [2025-02-06T19:38:30.293Z] Found a v2 firestore trigger.
[debug] [2025-02-06T19:38:30.293Z] addFirestoreTrigger "{\"eventType\":\"google.cloud.firestore.document.v1.updated\",\"database\":\"(default)\",\"namespace\":\"(default)\",\"document\":{\"value\":\"afterGala/{id}\",\"matchType\":\"PATH_PATTERN\"}}"
[debug] [2025-02-06T19:38:30.294Z] >>> [apiv2][query] POST http://127.0.0.1:9090/emulator/v1/projects/gala-thirst/eventarcTrigger?eventarcTriggerId=us-central1-moneyDonation-0 [none]
[debug] [2025-02-06T19:38:30.294Z] >>> [apiv2][body] POST http://127.0.0.1:9090/emulator/v1/projects/gala-thirst/eventarcTrigger?eventarcTriggerId=us-central1-moneyDonation-0 "{\"eventType\":\"google.cloud.firestore.document.v1.updated\",\"database\":\"(default)\",\"namespace\":\"(default)\",\"document\":{\"value\":\"afterGala/{id}\",\"matchType\":\"PATH_PATTERN\"}}"
[debug] [2025-02-06T19:38:30.311Z] <<< [apiv2][status] POST http://127.0.0.1:9090/emulator/v1/projects/gala-thirst/eventarcTrigger?eventarcTriggerId=us-central1-moneyDonation-0 200
[debug] [2025-02-06T19:38:30.312Z] <<< [apiv2][body] POST http://127.0.0.1:9090/emulator/v1/projects/gala-thirst/eventarcTrigger?eventarcTriggerId=us-central1-moneyDonation-0 {"eventType":"google.cloud.firestore.document.v1.updated","database":"(default)","namespace":"(default)","document":{"value":"afterGala/{id}","matchType":"PATH_PATTERN"}}
[info] +  functions[us-central1-moneyDonation]: firestore function initialized. {"metadata":{"emulator":{"name":"functions"},"message":"\u001b[1mfirestore\u001b[22m function initialized."}}
[debug] [2025-02-06T19:38:30.321Z] Could not find VSCode notification endpoint: FetchError: request to http://localhost:40001/vscode/notify failed, reason: . If you are not running the Firebase Data Connect VSCode extension, this is expected and not an issue.
[info] 
┌─────────────────────────────────────────────────────────────┐
│ ✔  All emulators ready! It is now safe to connect your app. │
│ i  View Emulator UI at http://127.0.0.1:4000/               │
└─────────────────────────────────────────────────────────────┘

┌────────────┬────────────────┬──────────────────────────────────┐
│ Emulator   │ Host:Port      │ View in Emulator UI              │
├────────────┼────────────────┼──────────────────────────────────┤
│ Functions  │ 127.0.0.1:5001 │ http://127.0.0.1:4000/functions  │
├────────────┼────────────────┼──────────────────────────────────┤
│ Firestore  │ 127.0.0.1:9090 │ http://127.0.0.1:4000/firestore  │
├────────────┼────────────────┼──────────────────────────────────┤
│ Extensions │ 127.0.0.1:5001 │ http://127.0.0.1:4000/extensions │
└────────────┴────────────────┴──────────────────────────────────┘
  Emulator Hub running at 127.0.0.1:4400
  Other reserved ports: 4500, 9151
┌─────────────────────────┬───────────────┬─────────────────────┐
│ Extension Instance Name │ Extension Ref │ View in Emulator UI │
└─────────────────────────┴───────────────┴─────────────────────┘
Issues? Report them at https://github.com/firebase/firebase-tools/issues and attach the *-debug.log files.
 
[debug] [2025-02-06T19:39:05.495Z] Feb 06, 2025 7:39:05 PM com.google.cloud.datastore.emulator.firestore.websocket.WebSocketChannelHandler initChannel
INFO: Connected to new websocket client
 {"metadata":{"emulator":{"name":"firestore"},"message":"Feb 06, 2025 7:39:05 PM com.google.cloud.datastore.emulator.firestore.websocket.WebSocketChannelHandler initChannel\r\nINFO: Connected to new websocket client\r\n"}}
[debug] [2025-02-06T19:39:05.516Z] Feb 06, 2025 7:39:05 PM com.google.cloud.datastore.emulator.firestore.websocket.WebSocketChannelHandler initChannel
INFO: Connected to new websocket client
 {"metadata":{"emulator":{"name":"firestore"},"message":"Feb 06, 2025 7:39:05 PM com.google.cloud.datastore.emulator.firestore.websocket.WebSocketChannelHandler initChannel\r\nINFO: Connected to new websocket client\r\n"}}
[debug] [2025-02-06T19:39:29.019Z] Feb 06, 2025 7:39:29 PM io.gapi.emulators.netty.HttpVersionRoutingHandler channelRead
INFO: Detected non-HTTP/2 connection.
 {"metadata":{"emulator":{"name":"firestore"},"message":"Feb 06, 2025 7:39:29 PM io.gapi.emulators.netty.HttpVersionRoutingHandler channelRead\r\nINFO: Detected non-HTTP/2 connection.\r\n"}}
[debug] [2025-02-06T19:40:14.496Z] Feb 06, 2025 7:40:14 PM io.gapi.emulators.netty.HttpVersionRoutingHandler channelRead
INFO: Detected non-HTTP/2 connection.
 {"metadata":{"emulator":{"name":"firestore"},"message":"Feb 06, 2025 7:40:14 PM io.gapi.emulators.netty.HttpVersionRoutingHandler channelRead\r\nINFO: Detected non-HTTP/2 connection.\r\n"}}
[debug] [2025-02-06T19:41:14.531Z] Feb 06, 2025 7:41:14 PM io.gapi.emulators.netty.HttpVersionRoutingHandler channelRead
INFO: Detected non-HTTP/2 connection.
 {"metadata":{"emulator":{"name":"firestore"},"message":"Feb 06, 2025 7:41:14 PM io.gapi.emulators.netty.HttpVersionRoutingHandler channelRead\r\nINFO: Detected non-HTTP/2 connection.\r\n"}}
[debug] [2025-02-06T19:42:14.548Z] Feb 06, 2025 7:42:14 PM io.gapi.emulators.netty.HttpVersionRoutingHandler channelRead
INFO: Detected non-HTTP/2 connection.
 {"metadata":{"emulator":{"name":"firestore"},"message":"Feb 06, 2025 7:42:14 PM io.gapi.emulators.netty.HttpVersionRoutingHandler channelRead\r\nINFO: Detected non-HTTP/2 connection.\r\n"}}
[debug] [2025-02-06T19:43:14.579Z] Feb 06, 2025 7:43:14 PM io.gapi.emulators.netty.HttpVersionRoutingHandler channelRead
INFO: Detected non-HTTP/2 connection.
 {"metadata":{"emulator":{"name":"firestore"},"message":"Feb 06, 2025 7:43:14 PM io.gapi.emulators.netty.HttpVersionRoutingHandler channelRead\r\nINFO: Detected non-HTTP/2 connection.\r\n"}}
[debug] [2025-02-06T19:44:14.606Z] Feb 06, 2025 7:44:14 PM io.gapi.emulators.netty.HttpVersionRoutingHandler channelRead
INFO: Detected non-HTTP/2 connection.
 {"metadata":{"emulator":{"name":"firestore"},"message":"Feb 06, 2025 7:44:14 PM io.gapi.emulators.netty.HttpVersionRoutingHandler channelRead\r\nINFO: Detected non-HTTP/2 connection.\r\n"}}
[debug] [2025-02-06T19:45:00.494Z] Feb 06, 2025 7:45:00 PM io.gapi.emulators.netty.HttpVersionRoutingHandler channelRead
INFO: Detected non-HTTP/2 connection.
 {"metadata":{"emulator":{"name":"firestore"},"message":"Feb 06, 2025 7:45:00 PM io.gapi.emulators.netty.HttpVersionRoutingHandler channelRead\r\nINFO: Detected non-HTTP/2 connection.\r\n"}}
[debug] [2025-02-06T19:46:00.517Z] Feb 06, 2025 7:46:00 PM io.gapi.emulators.netty.HttpVersionRoutingHandler channelRead
INFO: Detected non-HTTP/2 connection.
 {"metadata":{"emulator":{"name":"firestore"},"message":"Feb 06, 2025 7:46:00 PM io.gapi.emulators.netty.HttpVersionRoutingHandler channelRead\r\nINFO: Detected non-HTTP/2 connection.\r\n"}}
[debug] [2025-02-06T19:46:46.490Z] Feb 06, 2025 7:46:46 PM io.gapi.emulators.netty.HttpVersionRoutingHandler channelRead
INFO: Detected non-HTTP/2 connection.
 {"metadata":{"emulator":{"name":"firestore"},"message":"Feb 06, 2025 7:46:46 PM io.gapi.emulators.netty.HttpVersionRoutingHandler channelRead\r\nINFO: Detected non-HTTP/2 connection.\r\n"}}
[debug] [2025-02-06T19:47:32.492Z] Feb 06, 2025 7:47:32 PM io.gapi.emulators.netty.HttpVersionRoutingHandler channelRead
INFO: Detected non-HTTP/2 connection.
 {"metadata":{"emulator":{"name":"firestore"},"message":"Feb 06, 2025 7:47:32 PM io.gapi.emulators.netty.HttpVersionRoutingHandler channelRead\r\nINFO: Detected non-HTTP/2 connection.\r\n"}}
[debug] [2025-02-06T19:48:32.536Z] Feb 06, 2025 7:48:32 PM io.gapi.emulators.netty.HttpVersionRoutingHandler channelRead
INFO: Detected non-HTTP/2 connection.
 {"metadata":{"emulator":{"name":"firestore"},"message":"Feb 06, 2025 7:48:32 PM io.gapi.emulators.netty.HttpVersionRoutingHandler channelRead\r\nINFO: Detected non-HTTP/2 connection.\r\n"}}
[debug] [2025-02-06T19:49:18.493Z] Feb 06, 2025 7:49:18 PM io.gapi.emulators.netty.HttpVersionRoutingHandler channelRead
INFO: Detected non-HTTP/2 connection.
 {"metadata":{"emulator":{"name":"firestore"},"message":"Feb 06, 2025 7:49:18 PM io.gapi.emulators.netty.HttpVersionRoutingHandler channelRead\r\nINFO: Detected non-HTTP/2 connection.\r\n"}}
[debug] [2025-02-06T19:50:18.522Z] Feb 06, 2025 7:50:18 PM io.gapi.emulators.netty.HttpVersionRoutingHandler channelRead
INFO: Detected non-HTTP/2 connection.
 {"metadata":{"emulator":{"name":"firestore"},"message":"Feb 06, 2025 7:50:18 PM io.gapi.emulators.netty.HttpVersionRoutingHandler channelRead\r\nINFO: Detected non-HTTP/2 connection.\r\n"}}
[debug] [2025-02-06T19:51:09.469Z] Feb 06, 2025 7:51:09 PM io.gapi.emulators.netty.HttpVersionRoutingHandler channelRead
INFO: Detected non-HTTP/2 connection.
 {"metadata":{"emulator":{"name":"firestore"},"message":"Feb 06, 2025 7:51:09 PM io.gapi.emulators.netty.HttpVersionRoutingHandler channelRead\r\nINFO: Detected non-HTTP/2 connection.\r\n"}}
[debug] [2025-02-06T19:51:09.471Z] Feb 06, 2025 7:51:09 PM io.gapi.emulators.netty.HttpVersionRoutingHandler channelRead
INFO: Detected non-HTTP/2 connection.
 {"metadata":{"emulator":{"name":"firestore"},"message":"Feb 06, 2025 7:51:09 PM io.gapi.emulators.netty.HttpVersionRoutingHandler channelRead\r\nINFO: Detected non-HTTP/2 connection.\r\n"}}
[debug] [2025-02-06T19:51:18.551Z] Feb 06, 2025 7:51:18 PM io.gapi.emulators.netty.HttpVersionRoutingHandler channelRead
INFO: Detected non-HTTP/2 connection.
 {"metadata":{"emulator":{"name":"firestore"},"message":"Feb 06, 2025 7:51:18 PM io.gapi.emulators.netty.HttpVersionRoutingHandler channelRead\r\nINFO: Detected non-HTTP/2 connection.\r\n"}}
[debug] [2025-02-06T19:52:18.580Z] Feb 06, 2025 7:52:18 PM io.gapi.emulators.netty.HttpVersionRoutingHandler channelRead
INFO: Detected non-HTTP/2 connection.
 {"metadata":{"emulator":{"name":"firestore"},"message":"Feb 06, 2025 7:52:18 PM io.gapi.emulators.netty.HttpVersionRoutingHandler channelRead\r\nINFO: Detected non-HTTP/2 connection.\r\n"}}
[debug] [2025-02-06T19:53:18.611Z] Feb 06, 2025 7:53:18 PM io.gapi.emulators.netty.HttpVersionRoutingHandler channelRead
INFO: Detected non-HTTP/2 connection.
 {"metadata":{"emulator":{"name":"firestore"},"message":"Feb 06, 2025 7:53:18 PM io.gapi.emulators.netty.HttpVersionRoutingHandler channelRead\r\nINFO: Detected non-HTTP/2 connection.\r\n"}}
[debug] [2025-02-06T19:54:34.495Z] Feb 06, 2025 7:54:34 PM io.gapi.emulators.netty.HttpVersionRoutingHandler channelRead
INFO: Detected non-HTTP/2 connection.
 {"metadata":{"emulator":{"name":"firestore"},"message":"Feb 06, 2025 7:54:34 PM io.gapi.emulators.netty.HttpVersionRoutingHandler channelRead\r\nINFO: Detected non-HTTP/2 connection.\r\n"}}
[debug] [2025-02-06T19:55:34.513Z] Feb 06, 2025 7:55:34 PM io.gapi.emulators.netty.HttpVersionRoutingHandler channelRead
INFO: Detected non-HTTP/2 connection.
 {"metadata":{"emulator":{"name":"firestore"},"message":"Feb 06, 2025 7:55:34 PM io.gapi.emulators.netty.HttpVersionRoutingHandler channelRead\r\nINFO: Detected non-HTTP/2 connection.\r\n"}}
[debug] [2025-02-06T19:56:34.536Z] Feb 06, 2025 7:56:34 PM io.gapi.emulators.netty.HttpVersionRoutingHandler channelRead
INFO: Detected non-HTTP/2 connection.
 {"metadata":{"emulator":{"name":"firestore"},"message":"Feb 06, 2025 7:56:34 PM io.gapi.emulators.netty.HttpVersionRoutingHandler channelRead\r\nINFO: Detected non-HTTP/2 connection.\r\n"}}
[debug] [2025-02-06T19:57:34.570Z] Feb 06, 2025 7:57:34 PM io.gapi.emulators.netty.HttpVersionRoutingHandler channelRead
INFO: Detected non-HTTP/2 connection.
 {"metadata":{"emulator":{"name":"firestore"},"message":"Feb 06, 2025 7:57:34 PM io.gapi.emulators.netty.HttpVersionRoutingHandler channelRead\r\nINFO: Detected non-HTTP/2 connection.\r\n"}}
[debug] [2025-02-06T19:58:34.595Z] Feb 06, 2025 7:58:34 PM io.gapi.emulators.netty.HttpVersionRoutingHandler channelRead
INFO: Detected non-HTTP/2 connection.
 {"metadata":{"emulator":{"name":"firestore"},"message":"Feb 06, 2025 7:58:34 PM io.gapi.emulators.netty.HttpVersionRoutingHandler channelRead\r\nINFO: Detected non-HTTP/2 connection.\r\n"}}
[debug] [2025-02-06T19:59:34.613Z] Feb 06, 2025 7:59:34 PM io.gapi.emulators.netty.HttpVersionRoutingHandler channelRead
INFO: Detected non-HTTP/2 connection.
 {"metadata":{"emulator":{"name":"firestore"},"message":"Feb 06, 2025 7:59:34 PM io.gapi.emulators.netty.HttpVersionRoutingHandler channelRead\r\nINFO: Detected non-HTTP/2 connection.\r\n"}}
[debug] [2025-02-06T20:00:20.489Z] Feb 06, 2025 8:00:20 PM io.gapi.emulators.netty.HttpVersionRoutingHandler channelRead
INFO: Detected non-HTTP/2 connection.
 {"metadata":{"emulator":{"name":"firestore"},"message":"Feb 06, 2025 8:00:20 PM io.gapi.emulators.netty.HttpVersionRoutingHandler channelRead\r\nINFO: Detected non-HTTP/2 connection.\r\n"}}
[debug] [2025-02-06T20:01:20.520Z] Feb 06, 2025 8:01:20 PM io.gapi.emulators.netty.HttpVersionRoutingHandler channelRead
INFO: Detected non-HTTP/2 connection.
 {"metadata":{"emulator":{"name":"firestore"},"message":"Feb 06, 2025 8:01:20 PM io.gapi.emulators.netty.HttpVersionRoutingHandler channelRead\r\nINFO: Detected non-HTTP/2 connection.\r\n"}}
[debug] [2025-02-06T20:02:20.546Z] Feb 06, 2025 8:02:20 PM io.gapi.emulators.netty.HttpVersionRoutingHandler channelRead
INFO: Detected non-HTTP/2 connection.
 {"metadata":{"emulator":{"name":"firestore"},"message":"Feb 06, 2025 8:02:20 PM io.gapi.emulators.netty.HttpVersionRoutingHandler channelRead\r\nINFO: Detected non-HTTP/2 connection.\r\n"}}
[debug] [2025-02-06T20:03:06.485Z] Feb 06, 2025 8:03:06 PM io.gapi.emulators.netty.HttpVersionRoutingHandler channelRead
INFO: Detected non-HTTP/2 connection.
 {"metadata":{"emulator":{"name":"firestore"},"message":"Feb 06, 2025 8:03:06 PM io.gapi.emulators.netty.HttpVersionRoutingHandler channelRead\r\nINFO: Detected non-HTTP/2 connection.\r\n"}}
[debug] [2025-02-06T20:04:06.503Z] Feb 06, 2025 8:04:06 PM io.gapi.emulators.netty.HttpVersionRoutingHandler channelRead
INFO: Detected non-HTTP/2 connection.
 {"metadata":{"emulator":{"name":"firestore"},"message":"Feb 06, 2025 8:04:06 PM io.gapi.emulators.netty.HttpVersionRoutingHandler channelRead\r\nINFO: Detected non-HTTP/2 connection.\r\n"}}
[debug] [2025-02-06T20:05:06.527Z] Feb 06, 2025 8:05:06 PM io.gapi.emulators.netty.HttpVersionRoutingHandler channelRead
INFO: Detected non-HTTP/2 connection.
 {"metadata":{"emulator":{"name":"firestore"},"message":"Feb 06, 2025 8:05:06 PM io.gapi.emulators.netty.HttpVersionRoutingHandler channelRead\r\nINFO: Detected non-HTTP/2 connection.\r\n"}}
[debug] [2025-02-06T20:06:06.542Z] Feb 06, 2025 8:06:06 PM io.gapi.emulators.netty.HttpVersionRoutingHandler channelRead
INFO: Detected non-HTTP/2 connection.
 {"metadata":{"emulator":{"name":"firestore"},"message":"Feb 06, 2025 8:06:06 PM io.gapi.emulators.netty.HttpVersionRoutingHandler channelRead\r\nINFO: Detected non-HTTP/2 connection.\r\n"}}
[debug] [2025-02-06T20:07:06.568Z] Feb 06, 2025 8:07:06 PM io.gapi.emulators.netty.HttpVersionRoutingHandler channelRead
INFO: Detected non-HTTP/2 connection.
 {"metadata":{"emulator":{"name":"firestore"},"message":"Feb 06, 2025 8:07:06 PM io.gapi.emulators.netty.HttpVersionRoutingHandler channelRead\r\nINFO: Detected non-HTTP/2 connection.\r\n"}}
[debug] [2025-02-06T20:08:06.587Z] Feb 06, 2025 8:08:06 PM io.gapi.emulators.netty.HttpVersionRoutingHandler channelRead
INFO: Detected non-HTTP/2 connection.
 {"metadata":{"emulator":{"name":"firestore"},"message":"Feb 06, 2025 8:08:06 PM io.gapi.emulators.netty.HttpVersionRoutingHandler channelRead\r\nINFO: Detected non-HTTP/2 connection.\r\n"}}
[debug] [2025-02-06T20:08:52.492Z] Feb 06, 2025 8:08:52 PM io.gapi.emulators.netty.HttpVersionRoutingHandler channelRead
INFO: Detected non-HTTP/2 connection.
 {"metadata":{"emulator":{"name":"firestore"},"message":"Feb 06, 2025 8:08:52 PM io.gapi.emulators.netty.HttpVersionRoutingHandler channelRead\r\nINFO: Detected non-HTTP/2 connection.\r\n"}}
[debug] [2025-02-06T20:09:52.521Z] Feb 06, 2025 8:09:52 PM io.gapi.emulators.netty.HttpVersionRoutingHandler channelRead
INFO: Detected non-HTTP/2 connection.
 {"metadata":{"emulator":{"name":"firestore"},"message":"Feb 06, 2025 8:09:52 PM io.gapi.emulators.netty.HttpVersionRoutingHandler channelRead\r\nINFO: Detected non-HTTP/2 connection.\r\n"}}
[debug] [2025-02-06T20:10:37.607Z] Feb 06, 2025 8:10:37 PM io.gapi.emulators.netty.HttpVersionRoutingHandler channelRead
INFO: Detected non-HTTP/2 connection.
Feb 06, 2025 8:10:37 PM io.gapi.emulators.netty.HttpVersionRoutingHandler channelRead
INFO: Detected non-HTTP/2 connection.
Feb 06, 2025 8:10:37 PM io.gapi.emulators.netty.HttpVersionRoutingHandler channelRead
INFO: Detected non-HTTP/2 connection.
 {"metadata":{"emulator":{"name":"firestore"},"message":"Feb 06, 2025 8:10:37 PM io.gapi.emulators.netty.HttpVersionRoutingHandler channelRead\r\nINFO: Detected non-HTTP/2 connection.\r\nFeb 06, 2025 8:10:37 PM io.gapi.emulators.netty.HttpVersionRoutingHandler channelRead\r\nINFO: Detected non-HTTP/2 connection.\r\nFeb 06, 2025 8:10:37 PM io.gapi.emulators.netty.HttpVersionRoutingHandler channelRead\r\nINFO: Detected non-HTTP/2 connection.\r\n"}}
[debug] [2025-02-06T20:11:23.498Z] Feb 06, 2025 8:11:23 PM io.gapi.emulators.netty.HttpVersionRoutingHandler channelRead
INFO: Detected non-HTTP/2 connection.
 {"metadata":{"emulator":{"name":"firestore"},"message":"Feb 06, 2025 8:11:23 PM io.gapi.emulators.netty.HttpVersionRoutingHandler channelRead\r\nINFO: Detected non-HTTP/2 connection.\r\n"}}
[debug] [2025-02-06T20:12:23.516Z] Feb 06, 2025 8:12:23 PM io.gapi.emulators.netty.HttpVersionRoutingHandler channelRead
INFO: Detected non-HTTP/2 connection.
 {"metadata":{"emulator":{"name":"firestore"},"message":"Feb 06, 2025 8:12:23 PM io.gapi.emulators.netty.HttpVersionRoutingHandler channelRead\r\nINFO: Detected non-HTTP/2 connection.\r\n"}}
[debug] [2025-02-06T20:13:23.536Z] Feb 06, 2025 8:13:23 PM io.gapi.emulators.netty.HttpVersionRoutingHandler channelRead
INFO: Detected non-HTTP/2 connection.
 {"metadata":{"emulator":{"name":"firestore"},"message":"Feb 06, 2025 8:13:23 PM io.gapi.emulators.netty.HttpVersionRoutingHandler channelRead\r\nINFO: Detected non-HTTP/2 connection.\r\n"}}
[debug] [2025-02-06T20:14:23.547Z] Feb 06, 2025 8:14:23 PM io.gapi.emulators.netty.HttpVersionRoutingHandler channelRead
INFO: Detected non-HTTP/2 connection.
 {"metadata":{"emulator":{"name":"firestore"},"message":"Feb 06, 2025 8:14:23 PM io.gapi.emulators.netty.HttpVersionRoutingHandler channelRead\r\nINFO: Detected non-HTTP/2 connection.\r\n"}}
[debug] [2025-02-06T20:15:08.566Z] Feb 06, 2025 8:15:08 PM io.gapi.emulators.netty.HttpVersionRoutingHandler channelRead
INFO: Detected non-HTTP/2 connection.
 {"metadata":{"emulator":{"name":"firestore"},"message":"Feb 06, 2025 8:15:08 PM io.gapi.emulators.netty.HttpVersionRoutingHandler channelRead\r\nINFO: Detected non-HTTP/2 connection.\r\n"}}
[debug] [2025-02-06T20:16:08.584Z] Feb 06, 2025 8:16:08 PM io.gapi.emulators.netty.HttpVersionRoutingHandler channelRead
INFO: Detected non-HTTP/2 connection.
 {"metadata":{"emulator":{"name":"firestore"},"message":"Feb 06, 2025 8:16:08 PM io.gapi.emulators.netty.HttpVersionRoutingHandler channelRead\r\nINFO: Detected non-HTTP/2 connection.\r\n"}}
[debug] [2025-02-06T20:17:08.596Z] Feb 06, 2025 8:17:08 PM io.gapi.emulators.netty.HttpVersionRoutingHandler channelRead
INFO: Detected non-HTTP/2 connection.
 {"metadata":{"emulator":{"name":"firestore"},"message":"Feb 06, 2025 8:17:08 PM io.gapi.emulators.netty.HttpVersionRoutingHandler channelRead\r\nINFO: Detected non-HTTP/2 connection.\r\n"}}
[debug] [2025-02-06T20:18:08.621Z] Feb 06, 2025 8:18:08 PM io.gapi.emulators.netty.HttpVersionRoutingHandler channelRead
INFO: Detected non-HTTP/2 connection.
 {"metadata":{"emulator":{"name":"firestore"},"message":"Feb 06, 2025 8:18:08 PM io.gapi.emulators.netty.HttpVersionRoutingHandler channelRead\r\nINFO: Detected non-HTTP/2 connection.\r\n"}}
[debug] [2025-02-06T20:19:08.638Z] Feb 06, 2025 8:19:08 PM io.gapi.emulators.netty.HttpVersionRoutingHandler channelRead
INFO: Detected non-HTTP/2 connection.
 {"metadata":{"emulator":{"name":"firestore"},"message":"Feb 06, 2025 8:19:08 PM io.gapi.emulators.netty.HttpVersionRoutingHandler channelRead\r\nINFO: Detected non-HTTP/2 connection.\r\n"}}
[debug] [2025-02-06T20:20:08.659Z] Feb 06, 2025 8:20:08 PM io.gapi.emulators.netty.HttpVersionRoutingHandler channelRead
INFO: Detected non-HTTP/2 connection.
 {"metadata":{"emulator":{"name":"firestore"},"message":"Feb 06, 2025 8:20:08 PM io.gapi.emulators.netty.HttpVersionRoutingHandler channelRead\r\nINFO: Detected non-HTTP/2 connection.\r\n"}}
[debug] [2025-02-06T20:21:08.676Z] Feb 06, 2025 8:21:08 PM io.gapi.emulators.netty.HttpVersionRoutingHandler channelRead
INFO: Detected non-HTTP/2 connection.
 {"metadata":{"emulator":{"name":"firestore"},"message":"Feb 06, 2025 8:21:08 PM io.gapi.emulators.netty.HttpVersionRoutingHandler channelRead\r\nINFO: Detected non-HTTP/2 connection.\r\n"}}
[debug] [2025-02-06T20:22:08.690Z] Feb 06, 2025 8:22:08 PM io.gapi.emulators.netty.HttpVersionRoutingHandler channelRead
INFO: Detected non-HTTP/2 connection.
 {"metadata":{"emulator":{"name":"firestore"},"message":"Feb 06, 2025 8:22:08 PM io.gapi.emulators.netty.HttpVersionRoutingHandler channelRead\r\nINFO: Detected non-HTTP/2 connection.\r\n"}}
[debug] [2025-02-06T20:23:08.705Z] Feb 06, 2025 8:23:08 PM io.gapi.emulators.netty.HttpVersionRoutingHandler channelRead
INFO: Detected non-HTTP/2 connection.
 {"metadata":{"emulator":{"name":"firestore"},"message":"Feb 06, 2025 8:23:08 PM io.gapi.emulators.netty.HttpVersionRoutingHandler channelRead\r\nINFO: Detected non-HTTP/2 connection.\r\n"}}
[debug] [2025-02-06T20:24:08.732Z] Feb 06, 2025 8:24:08 PM io.gapi.emulators.netty.HttpVersionRoutingHandler channelRead
INFO: Detected non-HTTP/2 connection.
 {"metadata":{"emulator":{"name":"firestore"},"message":"Feb 06, 2025 8:24:08 PM io.gapi.emulators.netty.HttpVersionRoutingHandler channelRead\r\nINFO: Detected non-HTTP/2 connection.\r\n"}}
[debug] [2025-02-06T20:24:54.493Z] Feb 06, 2025 8:24:54 PM io.gapi.emulators.netty.HttpVersionRoutingHandler channelRead
INFO: Detected non-HTTP/2 connection.
 {"metadata":{"emulator":{"name":"firestore"},"message":"Feb 06, 2025 8:24:54 PM io.gapi.emulators.netty.HttpVersionRoutingHandler channelRead\r\nINFO: Detected non-HTTP/2 connection.\r\n"}}
[debug] [2025-02-06T20:25:54.532Z] Feb 06, 2025 8:25:54 PM io.gapi.emulators.netty.HttpVersionRoutingHandler channelRead
INFO: Detected non-HTTP/2 connection.
 {"metadata":{"emulator":{"name":"firestore"},"message":"Feb 06, 2025 8:25:54 PM io.gapi.emulators.netty.HttpVersionRoutingHandler channelRead\r\nINFO: Detected non-HTTP/2 connection.\r\n"}}
[debug] [2025-02-06T20:26:54.543Z] Feb 06, 2025 8:26:54 PM io.gapi.emulators.netty.HttpVersionRoutingHandler channelRead
INFO: Detected non-HTTP/2 connection.
 {"metadata":{"emulator":{"name":"firestore"},"message":"Feb 06, 2025 8:26:54 PM io.gapi.emulators.netty.HttpVersionRoutingHandler channelRead\r\nINFO: Detected non-HTTP/2 connection.\r\n"}}
[debug] [2025-02-06T20:27:54.563Z] Feb 06, 2025 8:27:54 PM io.gapi.emulators.netty.HttpVersionRoutingHandler channelRead
INFO: Detected non-HTTP/2 connection.
 {"metadata":{"emulator":{"name":"firestore"},"message":"Feb 06, 2025 8:27:54 PM io.gapi.emulators.netty.HttpVersionRoutingHandler channelRead\r\nINFO: Detected non-HTTP/2 connection.\r\n"}}
[debug] [2025-02-06T20:28:54.588Z] Feb 06, 2025 8:28:54 PM io.gapi.emulators.netty.HttpVersionRoutingHandler channelRead
INFO: Detected non-HTTP/2 connection.
 {"metadata":{"emulator":{"name":"firestore"},"message":"Feb 06, 2025 8:28:54 PM io.gapi.emulators.netty.HttpVersionRoutingHandler channelRead\r\nINFO: Detected non-HTTP/2 connection.\r\n"}}
[debug] [2025-02-06T20:29:54.605Z] Feb 06, 2025 8:29:54 PM io.gapi.emulators.netty.HttpVersionRoutingHandler channelRead
INFO: Detected non-HTTP/2 connection.
 {"metadata":{"emulator":{"name":"firestore"},"message":"Feb 06, 2025 8:29:54 PM io.gapi.emulators.netty.HttpVersionRoutingHandler channelRead\r\nINFO: Detected non-HTTP/2 connection.\r\n"}}
[debug] [2025-02-06T20:30:54.631Z] Feb 06, 2025 8:30:54 PM io.gapi.emulators.netty.HttpVersionRoutingHandler channelRead
INFO: Detected non-HTTP/2 connection.
 {"metadata":{"emulator":{"name":"firestore"},"message":"Feb 06, 2025 8:30:54 PM io.gapi.emulators.netty.HttpVersionRoutingHandler channelRead\r\nINFO: Detected non-HTTP/2 connection.\r\n"}}
[debug] [2025-02-06T20:31:54.649Z] Feb 06, 2025 8:31:54 PM io.gapi.emulators.netty.HttpVersionRoutingHandler channelRead
INFO: Detected non-HTTP/2 connection.
 {"metadata":{"emulator":{"name":"firestore"},"message":"Feb 06, 2025 8:31:54 PM io.gapi.emulators.netty.HttpVersionRoutingHandler channelRead\r\nINFO: Detected non-HTTP/2 connection.\r\n"}}
[debug] [2025-02-06T20:32:54.674Z] Feb 06, 2025 8:32:54 PM io.gapi.emulators.netty.HttpVersionRoutingHandler channelRead
INFO: Detected non-HTTP/2 connection.
 {"metadata":{"emulator":{"name":"firestore"},"message":"Feb 06, 2025 8:32:54 PM io.gapi.emulators.netty.HttpVersionRoutingHandler channelRead\r\nINFO: Detected non-HTTP/2 connection.\r\n"}}
[debug] [2025-02-06T20:33:54.697Z] Feb 06, 2025 8:33:54 PM io.gapi.emulators.netty.HttpVersionRoutingHandler channelRead
INFO: Detected non-HTTP/2 connection.
 {"metadata":{"emulator":{"name":"firestore"},"message":"Feb 06, 2025 8:33:54 PM io.gapi.emulators.netty.HttpVersionRoutingHandler channelRead\r\nINFO: Detected non-HTTP/2 connection.\r\n"}}
[debug] [2025-02-06T20:34:10.131Z] Feb 06, 2025 8:34:10 PM io.gapi.emulators.netty.HttpVersionRoutingHandler channelRead
INFO: Detected non-HTTP/2 connection.
 {"metadata":{"emulator":{"name":"firestore"},"message":"Feb 06, 2025 8:34:10 PM io.gapi.emulators.netty.HttpVersionRoutingHandler channelRead\r\nINFO: Detected non-HTTP/2 connection.\r\n"}}
[debug] [2025-02-06T20:34:10.162Z] Feb 06, 2025 8:34:10 PM io.gapi.emulators.netty.HttpVersionRoutingHandler channelRead
INFO: Detected non-HTTP/2 connection.
 {"metadata":{"emulator":{"name":"firestore"},"message":"Feb 06, 2025 8:34:10 PM io.gapi.emulators.netty.HttpVersionRoutingHandler channelRead\r\nINFO: Detected non-HTTP/2 connection.\r\n"}}
[debug] [2025-02-06T20:34:10.210Z] Feb 06, 2025 8:34:10 PM io.gapi.emulators.netty.HttpVersionRoutingHandler channelRead
INFO: Detected non-HTTP/2 connection.
 {"metadata":{"emulator":{"name":"firestore"},"message":"Feb 06, 2025 8:34:10 PM io.gapi.emulators.netty.HttpVersionRoutingHandler channelRead\r\nINFO: Detected non-HTTP/2 connection.\r\n"}}
[debug] [2025-02-06T20:34:10.227Z] Feb 06, 2025 8:34:10 PM io.gapi.emulators.netty.HttpVersionRoutingHandler channelRead
INFO: Detected non-HTTP/2 connection.
 {"metadata":{"emulator":{"name":"firestore"},"message":"Feb 06, 2025 8:34:10 PM io.gapi.emulators.netty.HttpVersionRoutingHandler channelRead\r\nINFO: Detected non-HTTP/2 connection.\r\n"}}
[debug] [2025-02-06T20:34:12.096Z] Feb 06, 2025 8:34:12 PM io.gapi.emulators.netty.HttpVersionRoutingHandler channelRead
INFO: Detected non-HTTP/2 connection.
 {"metadata":{"emulator":{"name":"firestore"},"message":"Feb 06, 2025 8:34:12 PM io.gapi.emulators.netty.HttpVersionRoutingHandler channelRead\r\nINFO: Detected non-HTTP/2 connection.\r\n"}}
[debug] [2025-02-06T20:34:12.109Z] Feb 06, 2025 8:34:12 PM io.gapi.emulators.netty.HttpVersionRoutingHandler channelRead
INFO: Detected non-HTTP/2 connection.
Feb 06, 2025 8:34:12 PM com.google.cloud.datastore.emulator.firestore.webchannel.FirestoreV1WebChannelAdapter$FirestoreListenHandler onClose
INFO: channel closed
Feb 06, 2025 8:34:12 PM com.google.cloud.datastore.emulator.firestore.webchannel.FirestoreV1WebChannelAdapter$FirestoreWriteHandler onClose
INFO: channel closed
 {"metadata":{"emulator":{"name":"firestore"},"message":"Feb 06, 2025 8:34:12 PM io.gapi.emulators.netty.HttpVersionRoutingHandler channelRead\r\nINFO: Detected non-HTTP/2 connection.\r\nFeb 06, 2025 8:34:12 PM com.google.cloud.datastore.emulator.firestore.webchannel.FirestoreV1WebChannelAdapter$FirestoreListenHandler onClose\r\nINFO: channel closed\r\nFeb 06, 2025 8:34:12 PM com.google.cloud.datastore.emulator.firestore.webchannel.FirestoreV1WebChannelAdapter$FirestoreWriteHandler onClose\r\nINFO: channel closed\r\n"}}
[debug] [2025-02-06T20:34:14.673Z] Feb 06, 2025 8:34:14 PM io.gapi.emulators.netty.HttpVersionRoutingHandler channelRead
INFO: Detected non-HTTP/2 connection.
 {"metadata":{"emulator":{"name":"firestore"},"message":"Feb 06, 2025 8:34:14 PM io.gapi.emulators.netty.HttpVersionRoutingHandler channelRead\r\nINFO: Detected non-HTTP/2 connection.\r\n"}}
[debug] [2025-02-06T20:34:14.700Z] Feb 06, 2025 8:34:14 PM io.gapi.emulators.netty.HttpVersionRoutingHandler channelRead
INFO: Detected non-HTTP/2 connection.
 {"metadata":{"emulator":{"name":"firestore"},"message":"Feb 06, 2025 8:34:14 PM io.gapi.emulators.netty.HttpVersionRoutingHandler channelRead\r\nINFO: Detected non-HTTP/2 connection.\r\n"}}
[debug] [2025-02-06T20:34:14.723Z] Feb 06, 2025 8:34:14 PM io.gapi.emulators.netty.HttpVersionRoutingHandler channelRead
INFO: Detected non-HTTP/2 connection.
 {"metadata":{"emulator":{"name":"firestore"},"message":"Feb 06, 2025 8:34:14 PM io.gapi.emulators.netty.HttpVersionRoutingHandler channelRead\r\nINFO: Detected non-HTTP/2 connection.\r\n"}}
[debug] [2025-02-06T20:34:21.736Z] Feb 06, 2025 8:34:21 PM io.gapi.emulators.netty.HttpVersionRoutingHandler channelRead
INFO: Detected non-HTTP/2 connection.
 {"metadata":{"emulator":{"name":"firestore"},"message":"Feb 06, 2025 8:34:21 PM io.gapi.emulators.netty.HttpVersionRoutingHandler channelRead\r\nINFO: Detected non-HTTP/2 connection.\r\n"}}
[debug] [2025-02-06T20:34:21.747Z] Feb 06, 2025 8:34:21 PM io.gapi.emulators.netty.HttpVersionRoutingHandler channelRead
INFO: Detected non-HTTP/2 connection.
 {"metadata":{"emulator":{"name":"firestore"},"message":"Feb 06, 2025 8:34:21 PM io.gapi.emulators.netty.HttpVersionRoutingHandler channelRead\r\nINFO: Detected non-HTTP/2 connection.\r\n"}}
[debug] [2025-02-06T20:34:21.757Z] Feb 06, 2025 8:34:21 PM io.gapi.emulators.netty.HttpVersionRoutingHandler channelRead
INFO: Detected non-HTTP/2 connection.
 {"metadata":{"emulator":{"name":"firestore"},"message":"Feb 06, 2025 8:34:21 PM io.gapi.emulators.netty.HttpVersionRoutingHandler channelRead\r\nINFO: Detected non-HTTP/2 connection.\r\n"}}
[debug] [2025-02-06T20:34:21.868Z] [work-queue] {"queuedWork":["/functions/projects/gala-thirst/triggers/us-central1-moneyDonation-0-2025-02-06T20:34:21.867Z"],"queueLength":1,"runningWork":[],"workRunningCount":0}
[debug] [2025-02-06T20:34:21.869Z] [work-queue] {"queuedWork":[],"queueLength":0,"runningWork":["/functions/projects/gala-thirst/triggers/us-central1-moneyDonation-0-2025-02-06T20:34:21.867Z"],"workRunningCount":1}
[debug] [2025-02-06T20:34:21.871Z] Accepted request POST /functions/projects/gala-thirst/triggers/us-central1-moneyDonation-0 --> us-central1-moneyDonation-0
[debug] [2025-02-06T20:34:21.878Z] [functions] Runtime ready! Sending request! {"metadata":{"emulator":{"name":"functions"},"message":"[functions] Runtime ready! Sending request!"}}
[debug] [2025-02-06T20:34:21.880Z] [functions] Got req.url=/functions/projects/gala-thirst/triggers/us-central1-moneyDonation-0, mapping to path=/functions/projects/ {"metadata":{"emulator":{"name":"functions"},"message":"[functions] Got req.url=/functions/projects/gala-thirst/triggers/us-central1-moneyDonation-0, mapping to path=/functions/projects/"}}
[info] i  functions: Loaded environment variables from .env. 
[debug] [2025-02-06T20:34:21.914Z] [worker-pool] addWorker(us-central1-moneyDonation) {"metadata":{"emulator":{"name":"functions"},"message":"[worker-pool] addWorker(us-central1-moneyDonation)"}}
[debug] [2025-02-06T20:34:21.916Z] [worker-pool] Adding worker with key us-central1-moneyDonation, total=1 {"metadata":{"emulator":{"name":"functions"},"message":"[worker-pool] Adding worker with key us-central1-moneyDonation, total=1"}}
[debug] [2025-02-06T20:34:24.756Z] Feb 06, 2025 8:34:24 PM io.gapi.emulators.netty.HttpVersionRoutingHandler channelRead
INFO: Detected non-HTTP/2 connection.
Feb 06, 2025 8:34:24 PM io.gapi.emulators.netty.HttpVersionRoutingHandler channelRead
INFO: Detected non-HTTP/2 connection.
 {"metadata":{"emulator":{"name":"firestore"},"message":"Feb 06, 2025 8:34:24 PM io.gapi.emulators.netty.HttpVersionRoutingHandler channelRead\r\nINFO: Detected non-HTTP/2 connection.\r\nFeb 06, 2025 8:34:24 PM io.gapi.emulators.netty.HttpVersionRoutingHandler channelRead\r\nINFO: Detected non-HTTP/2 connection.\r\n"}}
[debug] [2025-02-06T20:34:24.764Z] Feb 06, 2025 8:34:24 PM com.google.cloud.datastore.emulator.firestore.webchannel.FirestoreV1WebChannelAdapter$FirestoreListenHandler onClose
INFO: channel closed
 {"metadata":{"emulator":{"name":"firestore"},"message":"Feb 06, 2025 8:34:24 PM com.google.cloud.datastore.emulator.firestore.webchannel.FirestoreV1WebChannelAdapter$FirestoreListenHandler onClose\r\nINFO: channel closed\r\n"}}
[debug] [2025-02-06T20:34:24.767Z] Feb 06, 2025 8:34:24 PM com.google.cloud.datastore.emulator.firestore.webchannel.FirestoreV1WebChannelAdapter$FirestoreWriteHandler onClose
INFO: channel closed
 {"metadata":{"emulator":{"name":"firestore"},"message":"Feb 06, 2025 8:34:24 PM com.google.cloud.datastore.emulator.firestore.webchannel.FirestoreV1WebChannelAdapter$FirestoreWriteHandler onClose\r\nINFO: channel closed\r\n"}}
[debug] [2025-02-06T20:34:24.942Z] [runtime-status] [31124] Resolved module firebase-admin {"declared":true,"installed":true,"version":"12.7.0","resolution":"C:\\gala-thirst\\functions\\node_modules\\firebase-admin\\lib\\index.js"} {"metadata":{"emulator":{"name":"functions"},"function":{"name":"us-central1-moneyDonation"},"extension":{},"message":"[runtime-status] [31124] Resolved module firebase-admin {\"declared\":true,\"installed\":true,\"version\":\"12.7.0\",\"resolution\":\"C:\\\\gala-thirst\\\\functions\\\\node_modules\\\\firebase-admin\\\\lib\\\\index.js\"}"}}
[debug] [2025-02-06T20:34:24.944Z] [runtime-status] [31124] Resolved module firebase-functions {"declared":true,"installed":true,"version":"6.3.0","resolution":"C:\\gala-thirst\\functions\\node_modules\\firebase-functions\\lib\\v2\\index.js"} {"metadata":{"emulator":{"name":"functions"},"function":{"name":"us-central1-moneyDonation"},"extension":{},"message":"[runtime-status] [31124] Resolved module firebase-functions {\"declared\":true,\"installed\":true,\"version\":\"6.3.0\",\"resolution\":\"C:\\\\gala-thirst\\\\functions\\\\node_modules\\\\firebase-functions\\\\lib\\\\v2\\\\index.js\"}"}}
[debug] [2025-02-06T20:34:24.944Z] [runtime-status] [31124] Outgoing network have been stubbed. [{"name":"http","status":"mocked"},{"name":"http","status":"mocked"},{"name":"https","status":"mocked"},{"name":"https","status":"mocked"},{"name":"net","status":"mocked"}] {"metadata":{"emulator":{"name":"functions"},"function":{"name":"us-central1-moneyDonation"},"extension":{},"message":"[runtime-status] [31124] Outgoing network have been stubbed. [{\"name\":\"http\",\"status\":\"mocked\"},{\"name\":\"http\",\"status\":\"mocked\"},{\"name\":\"https\",\"status\":\"mocked\"},{\"name\":\"https\",\"status\":\"mocked\"},{\"name\":\"net\",\"status\":\"mocked\"}]"}}
[debug] [2025-02-06T20:34:24.945Z] [runtime-status] [31124] Resolved module firebase-functions {"declared":true,"installed":true,"version":"6.3.0","resolution":"C:\\gala-thirst\\functions\\node_modules\\firebase-functions\\lib\\v2\\index.js"} {"metadata":{"emulator":{"name":"functions"},"function":{"name":"us-central1-moneyDonation"},"extension":{},"message":"[runtime-status] [31124] Resolved module firebase-functions {\"declared\":true,\"installed\":true,\"version\":\"6.3.0\",\"resolution\":\"C:\\\\gala-thirst\\\\functions\\\\node_modules\\\\firebase-functions\\\\lib\\\\v2\\\\index.js\"}"}}
[debug] [2025-02-06T20:34:25.682Z] [runtime-status] [31124] Checked functions.config() {"config":{}} {"metadata":{"emulator":{"name":"functions"},"function":{"name":"us-central1-moneyDonation"},"extension":{},"message":"[runtime-status] [31124] Checked functions.config() {\"config\":{}}"}}
[debug] [2025-02-06T20:34:25.683Z] [runtime-status] [31124] firebase-functions has been stubbed. {"functionsResolution":{"declared":true,"installed":true,"version":"6.3.0","resolution":"C:\\gala-thirst\\functions\\node_modules\\firebase-functions\\lib\\v2\\index.js"}} {"metadata":{"emulator":{"name":"functions"},"function":{"name":"us-central1-moneyDonation"},"extension":{},"message":"[runtime-status] [31124] firebase-functions has been stubbed. {\"functionsResolution\":{\"declared\":true,\"installed\":true,\"version\":\"6.3.0\",\"resolution\":\"C:\\\\gala-thirst\\\\functions\\\\node_modules\\\\firebase-functions\\\\lib\\\\v2\\\\index.js\"}}"}}
[debug] [2025-02-06T20:34:25.683Z] [runtime-status] [31124] Resolved module firebase-functions {"declared":true,"installed":true,"version":"6.3.0","resolution":"C:\\gala-thirst\\functions\\node_modules\\firebase-functions\\lib\\v2\\index.js"} {"metadata":{"emulator":{"name":"functions"},"function":{"name":"us-central1-moneyDonation"},"extension":{},"message":"[runtime-status] [31124] Resolved module firebase-functions {\"declared\":true,\"installed\":true,\"version\":\"6.3.0\",\"resolution\":\"C:\\\\gala-thirst\\\\functions\\\\node_modules\\\\firebase-functions\\\\lib\\\\v2\\\\index.js\"}"}}
[debug] [2025-02-06T20:34:25.691Z] [runtime-status] [31124] Resolved module firebase-admin {"declared":true,"installed":true,"version":"12.7.0","resolution":"C:\\gala-thirst\\functions\\node_modules\\firebase-admin\\lib\\index.js"} {"metadata":{"emulator":{"name":"functions"},"function":{"name":"us-central1-moneyDonation"},"extension":{},"message":"[runtime-status] [31124] Resolved module firebase-admin {\"declared\":true,\"installed\":true,\"version\":\"12.7.0\",\"resolution\":\"C:\\\\gala-thirst\\\\functions\\\\node_modules\\\\firebase-admin\\\\lib\\\\index.js\"}"}}
[debug] [2025-02-06T20:34:25.696Z] [runtime-status] [31124] Resolved module firebase-functions {"declared":true,"installed":true,"version":"6.3.0","resolution":"C:\\gala-thirst\\functions\\node_modules\\firebase-functions\\lib\\v2\\index.js"} {"metadata":{"emulator":{"name":"functions"},"function":{"name":"us-central1-moneyDonation"},"extension":{},"message":"[runtime-status] [31124] Resolved module firebase-functions {\"declared\":true,\"installed\":true,\"version\":\"6.3.0\",\"resolution\":\"C:\\\\gala-thirst\\\\functions\\\\node_modules\\\\firebase-functions\\\\lib\\\\v2\\\\index.js\"}"}}
[debug] [2025-02-06T20:34:25.697Z] [runtime-status] [31124] firebase-admin has been stubbed. {"adminResolution":{"declared":true,"installed":true,"version":"12.7.0","resolution":"C:\\gala-thirst\\functions\\node_modules\\firebase-admin\\lib\\index.js"}} {"metadata":{"emulator":{"name":"functions"},"function":{"name":"us-central1-moneyDonation"},"extension":{},"message":"[runtime-status] [31124] firebase-admin has been stubbed. {\"adminResolution\":{\"declared\":true,\"installed\":true,\"version\":\"12.7.0\",\"resolution\":\"C:\\\\gala-thirst\\\\functions\\\\node_modules\\\\firebase-admin\\\\lib\\\\index.js\"}}"}}
[debug] [2025-02-06T20:34:25.770Z] [runtime-status] [31124] Functions runtime initialized. {"cwd":"C:\\gala-thirst\\functions","node_version":"20.17.0"} {"metadata":{"emulator":{"name":"functions"},"function":{"name":"us-central1-moneyDonation"},"extension":{},"message":"[runtime-status] [31124] Functions runtime initialized. {\"cwd\":\"C:\\\\gala-thirst\\\\functions\",\"node_version\":\"20.17.0\"}"}}
[debug] [2025-02-06T20:34:25.770Z] [runtime-status] [31124] Listening to port: \\?\pipe\fire_emu_90db5b2611136d74 {"metadata":{"emulator":{"name":"functions"},"function":{"name":"us-central1-moneyDonation"},"extension":{},"message":"[runtime-status] [31124] Listening to port: \\\\?\\pipe\\fire_emu_90db5b2611136d74"}}
[debug] [2025-02-06T20:34:25.850Z] [worker-us-central1-moneyDonation-95b8b79d-e7f4-4dde-a870-982c801887c1]: IDLE {"metadata":{"emulator":{"name":"functions"},"function":{"name":"us-central1-moneyDonation"},"extension":{},"message":"[worker-us-central1-moneyDonation-95b8b79d-e7f4-4dde-a870-982c801887c1]: IDLE"}}
[debug] [2025-02-06T20:34:25.850Z] [worker-pool] submitRequest(triggerId=us-central1-moneyDonation) {"metadata":{"emulator":{"name":"functions"},"message":"[worker-pool] submitRequest(triggerId=us-central1-moneyDonation)"}}
[info] i  functions: Beginning execution of "us-central1-moneyDonation" {"metadata":{"emulator":{"name":"functions"},"function":{"name":"us-central1-moneyDonation"},"extension":{},"message":"Beginning execution of \"us-central1-moneyDonation\""}}
[debug] [2025-02-06T20:34:25.852Z] [worker-us-central1-moneyDonation-95b8b79d-e7f4-4dde-a870-982c801887c1]: BUSY {"metadata":{"emulator":{"name":"functions"},"function":{"name":"us-central1-moneyDonation"},"extension":{},"message":"[worker-us-central1-moneyDonation-95b8b79d-e7f4-4dde-a870-982c801887c1]: BUSY"}}
[debug] [2025-02-06T20:34:25.858Z] [runtime-status] [31124] RunCloudEvent {"specversion":"1.0","type":"google.cloud.firestore.document.v1.updated","source":"//firestore.googleapis.com/projects/projects/gala-thirst/databases/(default)","id":"7d7d216d-4deb-467c-a0e9-73a89ba131a6","subject":"documents/afterGala/OvLKx6sJmJmm5lvrlQSY","time":"2025-02-06T20:34:21Z","datacontenttype":"application/protobuf","dataschema":"https://github.com/googleapis/google-cloudevents/blob/main/proto/google/events/cloud/firestore/v1/data.proto","location":"us-central1","project":"gala-thirst","database":"(default)","namespace":"(default)","document":"afterGala/OvLKx6sJmJmm5lvrlQSY","data":{"type":"Buffer","data":[10,248,1,10,81,112,114,111,106,101,99,116,115,47,103,97,108,97,45,116,104,105,114,115,116,47,100,97,116,97,98,97,115,101,115,47,40,100,101,102,97,117,108,116,41,47,100,111,99,117,109,101,110,116,115,47,97,102,116,101,114,71,97,108,97,47,79,118,76,75,120,54,115,74,109,74,109,109,53,108,118,114,108,81,83,89,18,16,10,4,116,121,112,101,18,8,138,1,5,109,98,119,97,121,18,37,10,5,101,109,97,105,108,18,28,138,1,25,98,101,97,116,114,105,122,99,111,115,116,97,102,48,50,64,103,109,97,105,108,46,99,111,109,18,21,10,5,112,104,111,110,101,18,12,138,1,9,57,49,50,56,57,54,50,48,50,18,22,10,16,114,101,102,101,114,101,110,99,101,67,114,101,97,116,101,100,18,2,8,0,18,11,10,5,101,114,114,111,114,18,2,8,0,18,18,10,5,116,111,116,97,108,18,9,25,0,0,0,0,0,0,248,63,26,12,8,194,185,148,189,6,16,144,208,183,162,1,34,12,8,205,185,148,189,6,16,160,198,139,239,2,18,241,1,10,81,112,114,111,106,101,99,116,115,47,103,97,108,97,45,116,104,105,114,115,116,47,100,97,116,97,98,97,115,101,115,47,40,100,101,102,97,117,108,116,41,47,100,111,99,117,109,101,110,116,115,47,97,102,116,101,114,71,97,108,97,47,79,118,76,75,120,54,115,74,109,74,109,109,53,108,118,114,108,81,83,89,18,16,10,4,116,121,112,101,18,8,138,1,5,109,98,119,97,121,18,37,10,5,101,109,97,105,108,18,28,138,1,25,98,101,97,116,114,105,122,99,111,115,116,97,102,48,50,64,103,109,97,105,108,46,99,111,109,18,21,10,5,112,104,111,110,101,18,12,138,1,9,57,49,50,56,57,54,50,48,50,18,11,10,5,116,111,116,97,108,18,2,16,1,18,22,10,16,114,101,102,101,114,101,110,99,101,67,114,101,97,116,101,100,18,2,8,0,18,11,10,5,101,114,114,111,114,18,2,8,0,26,12,8,194,185,148,189,6,16,144,208,183,162,1,34,12,8,194,185,148,189,6,16,144,208,183,162,1,26,0]}} {"metadata":{"emulator":{"name":"functions"},"function":{"name":"us-central1-moneyDonation"},"extension":{},"message":"[runtime-status] [31124] RunCloudEvent {\"specversion\":\"1.0\",\"type\":\"google.cloud.firestore.document.v1.updated\",\"source\":\"//firestore.googleapis.com/projects/projects/gala-thirst/databases/(default)\",\"id\":\"7d7d216d-4deb-467c-a0e9-73a89ba131a6\",\"subject\":\"documents/afterGala/OvLKx6sJmJmm5lvrlQSY\",\"time\":\"2025-02-06T20:34:21Z\",\"datacontenttype\":\"application/protobuf\",\"dataschema\":\"https://github.com/googleapis/google-cloudevents/blob/main/proto/google/events/cloud/firestore/v1/data.proto\",\"location\":\"us-central1\",\"project\":\"gala-thirst\",\"database\":\"(default)\",\"namespace\":\"(default)\",\"document\":\"afterGala/OvLKx6sJmJmm5lvrlQSY\",\"data\":{\"type\":\"Buffer\",\"data\":[10,248,1,10,81,112,114,111,106,101,99,116,115,47,103,97,108,97,45,116,104,105,114,115,116,47,100,97,116,97,98,97,115,101,115,47,40,100,101,102,97,117,108,116,41,47,100,111,99,117,109,101,110,116,115,47,97,102,116,101,114,71,97,108,97,47,79,118,76,75,120,54,115,74,109,74,109,109,53,108,118,114,108,81,83,89,18,16,10,4,116,121,112,101,18,8,138,1,5,109,98,119,97,121,18,37,10,5,101,109,97,105,108,18,28,138,1,25,98,101,97,116,114,105,122,99,111,115,116,97,102,48,50,64,103,109,97,105,108,46,99,111,109,18,21,10,5,112,104,111,110,101,18,12,138,1,9,57,49,50,56,57,54,50,48,50,18,22,10,16,114,101,102,101,114,101,110,99,101,67,114,101,97,116,101,100,18,2,8,0,18,11,10,5,101,114,114,111,114,18,2,8,0,18,18,10,5,116,111,116,97,108,18,9,25,0,0,0,0,0,0,248,63,26,12,8,194,185,148,189,6,16,144,208,183,162,1,34,12,8,205,185,148,189,6,16,160,198,139,239,2,18,241,1,10,81,112,114,111,106,101,99,116,115,47,103,97,108,97,45,116,104,105,114,115,116,47,100,97,116,97,98,97,115,101,115,47,40,100,101,102,97,117,108,116,41,47,100,111,99,117,109,101,110,116,115,47,97,102,116,101,114,71,97,108,97,47,79,118,76,75,120,54,115,74,109,74,109,109,53,108,118,114,108,81,83,89,18,16,10,4,116,121,112,101,18,8,138,1,5,109,98,119,97,121,18,37,10,5,101,109,97,105,108,18,28,138,1,25,98,101,97,116,114,105,122,99,111,115,116,97,102,48,50,64,103,109,97,105,108,46,99,111,109,18,21,10,5,112,104,111,110,101,18,12,138,1,9,57,49,50,56,57,54,50,48,50,18,11,10,5,116,111,116,97,108,18,2,16,1,18,22,10,16,114,101,102,101,114,101,110,99,101,67,114,101,97,116,101,100,18,2,8,0,18,11,10,5,101,114,114,111,114,18,2,8,0,26,12,8,194,185,148,189,6,16,144,208,183,162,1,34,12,8,194,185,148,189,6,16,144,208,183,162,1,26,0]}}"}}
[info] >  {"severity":"INFO","message":"Evento disparado para documento: OvLKx6sJmJmm5lvrlQSY"} {"user":{"severity":"INFO","message":"Evento disparado para documento: OvLKx6sJmJmm5lvrlQSY"},"metadata":{"emulator":{"name":"functions"},"function":{"name":"us-central1-moneyDonation"},"extension":{},"message":"\u001b[90m> \u001b[39m {\"severity\":\"INFO\",\"message\":\"Evento disparado para documento: OvLKx6sJmJmm5lvrlQSY\"}"}}
[info] >  {"type":"mbway","email":"beatrizcostaf02@gmail.com","phone":"912896202","referenceCreated":false,"error":false,"total":1.5,"severity":"INFO","message":"Dados do documento recebidos:"} {"user":{"type":"mbway","email":"beatrizcostaf02@gmail.com","phone":"912896202","referenceCreated":false,"error":false,"total":1.5,"severity":"INFO","message":"Dados do documento recebidos:"},"metadata":{"emulator":{"name":"functions"},"function":{"name":"us-central1-moneyDonation"},"extension":{},"message":"\u001b[90m> \u001b[39m {\"type\":\"mbway\",\"email\":\"beatrizcostaf02@gmail.com\",\"phone\":\"912896202\",\"referenceCreated\":false,\"error\":false,\"total\":1.5,\"severity\":\"INFO\",\"message\":\"Dados do documento recebidos:\"}"}}
[info] >  {"severity":"INFO","message":"Dados recebidos no backend: {\"type\":\"mbway\",\"email\":\"beatrizcostaf02@gmail.com\",\"phone\":\"912896202\",\"referenceCreated\":false,\"error\":false,\"total\":1.5}"} {"user":{"severity":"INFO","message":"Dados recebidos no backend: {\"type\":\"mbway\",\"email\":\"beatrizcostaf02@gmail.com\",\"phone\":\"912896202\",\"referenceCreated\":false,\"error\":false,\"total\":1.5}"},"metadata":{"emulator":{"name":"functions"},"function":{"name":"us-central1-moneyDonation"},"extension":{},"message":"\u001b[90m> \u001b[39m {\"severity\":\"INFO\",\"message\":\"Dados recebidos no backend: {\\\"type\\\":\\\"mbway\\\",\\\"email\\\":\\\"beatrizcostaf02@gmail.com\\\",\\\"phone\\\":\\\"912896202\\\",\\\"referenceCreated\\\":false,\\\"error\\\":false,\\\"total\\\":1.5}\"}"}}
[info] >  {"severity":"INFO","message":"Headers sendo enviados: {\"accept\":\"application/json\",\"content-type\":\"application/json\",\"Authorization\":\"ApiKey 4f28-e58a-f00e-8f85-9517\"}"} {"user":{"severity":"INFO","message":"Headers sendo enviados: {\"accept\":\"application/json\",\"content-type\":\"application/json\",\"Authorization\":\"ApiKey 4f28-e58a-f00e-8f85-9517\"}"},"metadata":{"emulator":{"name":"functions"},"function":{"name":"us-central1-moneyDonation"},"extension":{},"message":"\u001b[90m> \u001b[39m {\"severity\":\"INFO\",\"message\":\"Headers sendo enviados: {\\\"accept\\\":\\\"application/json\\\",\\\"content-type\\\":\\\"application/json\\\",\\\"Authorization\\\":\\\"ApiKey 4f28-e58a-f00e-8f85-9517\\\"}\"}"}}
[info] >  {"severity":"INFO","message":"Body sendo enviado: {\"payment\":{\"amount\":{\"currency\":\"EUR\",\"value\":1.5},\"identifier\":\"OvLKx6sJmJmm5lvrlQSY\",\"customerPhone\":\"912896202\",\"countryCode\":\"351\"},\"customer\":{\"email\":\"beatrizcostaf02@gmail.com\"}}"} {"user":{"severity":"INFO","message":"Body sendo enviado: {\"payment\":{\"amount\":{\"currency\":\"EUR\",\"value\":1.5},\"identifier\":\"OvLKx6sJmJmm5lvrlQSY\",\"customerPhone\":\"912896202\",\"countryCode\":\"351\"},\"customer\":{\"email\":\"beatrizcostaf02@gmail.com\"}}"},"metadata":{"emulator":{"name":"functions"},"function":{"name":"us-central1-moneyDonation"},"extension":{},"message":"\u001b[90m> \u001b[39m {\"severity\":\"INFO\",\"message\":\"Body sendo enviado: {\\\"payment\\\":{\\\"amount\\\":{\\\"currency\\\":\\\"EUR\\\",\\\"value\\\":1.5},\\\"identifier\\\":\\\"OvLKx6sJmJmm5lvrlQSY\\\",\\\"customerPhone\\\":\\\"912896202\\\",\\\"countryCode\\\":\\\"351\\\"},\\\"customer\\\":{\\\"email\\\":\\\"beatrizcostaf02@gmail.com\\\"}}\"}"}}
[debug] [2025-02-06T20:34:30.124Z] Feb 06, 2025 8:34:30 PM io.gapi.emulators.netty.HttpVersionRoutingHandler channelRead
INFO: Detected HTTP/2 connection.
 {"metadata":{"emulator":{"name":"firestore"},"message":"Feb 06, 2025 8:34:30 PM io.gapi.emulators.netty.HttpVersionRoutingHandler channelRead\r\nINFO: Detected HTTP/2 connection.\r\n"}}
[info] >  {"severity":"INFO","message":"Pagamento processado com sucesso: {\"transactionStatus\":\"Success\",\"transactionID\":\"0194dcf8ac39723a83a142bb10d17db4\",\"reference\":\"28887161\"}"} {"user":{"severity":"INFO","message":"Pagamento processado com sucesso: {\"transactionStatus\":\"Success\",\"transactionID\":\"0194dcf8ac39723a83a142bb10d17db4\",\"reference\":\"28887161\"}"},"metadata":{"emulator":{"name":"functions"},"function":{"name":"us-central1-moneyDonation"},"extension":{},"message":"\u001b[90m> \u001b[39m {\"severity\":\"INFO\",\"message\":\"Pagamento processado com sucesso: {\\\"transactionStatus\\\":\\\"Success\\\",\\\"transactionID\\\":\\\"0194dcf8ac39723a83a142bb10d17db4\\\",\\\"reference\\\":\\\"28887161\\\"}\"}"}}
[debug] [2025-02-06T20:34:30.154Z] Finishing up request with event=pause {"metadata":{"emulator":{"name":"functions"},"function":{"name":"us-central1-moneyDonation"},"extension":{},"message":"Finishing up request with event=pause"}}
[info] i  functions: Finished "us-central1-moneyDonation" in 4302.1053ms {"metadata":{"emulator":{"name":"functions"},"function":{"name":"us-central1-moneyDonation"},"extension":{},"message":"Finished \"us-central1-moneyDonation\" in 4302.1053ms"}}
[debug] [2025-02-06T20:34:30.156Z] [worker-us-central1-moneyDonation-95b8b79d-e7f4-4dde-a870-982c801887c1]: IDLE {"metadata":{"emulator":{"name":"functions"},"function":{"name":"us-central1-moneyDonation"},"extension":{},"message":"[worker-us-central1-moneyDonation-95b8b79d-e7f4-4dde-a870-982c801887c1]: IDLE"}}
[debug] [2025-02-06T20:34:30.156Z] Finishing up request with event=finish {"metadata":{"emulator":{"name":"functions"},"function":{"name":"us-central1-moneyDonation"},"extension":{},"message":"Finishing up request with event=finish"}}
[debug] [2025-02-06T20:34:30.157Z] Finishing up request with event=close {"metadata":{"emulator":{"name":"functions"},"function":{"name":"us-central1-moneyDonation"},"extension":{},"message":"Finishing up request with event=close"}}
[debug] [2025-02-06T20:34:30.157Z] [work-queue] {"queuedWork":[],"queueLength":0,"runningWork":[],"workRunningCount":0}
[debug] [2025-02-06T20:34:30.175Z] [work-queue] {"queuedWork":["/functions/projects/gala-thirst/triggers/us-central1-moneyDonation-0-2025-02-06T20:34:30.174Z"],"queueLength":1,"runningWork":[],"workRunningCount":0}
[debug] [2025-02-06T20:34:30.175Z] [work-queue] {"queuedWork":[],"queueLength":0,"runningWork":["/functions/projects/gala-thirst/triggers/us-central1-moneyDonation-0-2025-02-06T20:34:30.174Z"],"workRunningCount":1}
[debug] [2025-02-06T20:34:30.176Z] Accepted request POST /functions/projects/gala-thirst/triggers/us-central1-moneyDonation-0 --> us-central1-moneyDonation-0
[debug] [2025-02-06T20:34:30.177Z] [functions] Runtime ready! Sending request! {"metadata":{"emulator":{"name":"functions"},"message":"[functions] Runtime ready! Sending request!"}}
[debug] [2025-02-06T20:34:30.177Z] [functions] Got req.url=/functions/projects/gala-thirst/triggers/us-central1-moneyDonation-0, mapping to path=/functions/projects/ {"metadata":{"emulator":{"name":"functions"},"message":"[functions] Got req.url=/functions/projects/gala-thirst/triggers/us-central1-moneyDonation-0, mapping to path=/functions/projects/"}}
[debug] [2025-02-06T20:34:30.177Z] [worker-pool] submitRequest(triggerId=us-central1-moneyDonation) {"metadata":{"emulator":{"name":"functions"},"message":"[worker-pool] submitRequest(triggerId=us-central1-moneyDonation)"}}
[info] i  functions: Beginning execution of "us-central1-moneyDonation" {"metadata":{"emulator":{"name":"functions"},"function":{"name":"us-central1-moneyDonation"},"extension":{},"message":"Beginning execution of \"us-central1-moneyDonation\""}}
[debug] [2025-02-06T20:34:30.178Z] [worker-us-central1-moneyDonation-95b8b79d-e7f4-4dde-a870-982c801887c1]: BUSY {"metadata":{"emulator":{"name":"functions"},"function":{"name":"us-central1-moneyDonation"},"extension":{},"message":"[worker-us-central1-moneyDonation-95b8b79d-e7f4-4dde-a870-982c801887c1]: BUSY"}}
[debug] [2025-02-06T20:34:30.182Z] [runtime-status] [31124] RunCloudEvent {"specversion":"1.0","type":"google.cloud.firestore.document.v1.updated","source":"//firestore.googleapis.com/projects/projects/gala-thirst/databases/(default)","id":"ab452441-48ee-4f0f-ac01-07ac47e6ad0e","subject":"documents/afterGala/OvLKx6sJmJmm5lvrlQSY","time":"2025-02-06T20:34:30Z","datacontenttype":"application/protobuf","dataschema":"https://github.com/googleapis/google-cloudevents/blob/main/proto/google/events/cloud/firestore/v1/data.proto","location":"us-central1","project":"gala-thirst","database":"(default)","namespace":"(default)","document":"afterGala/OvLKx6sJmJmm5lvrlQSY","data":{"type":"Buffer","data":[10,247,1,10,81,112,114,111,106,101,99,116,115,47,103,97,108,97,45,116,104,105,114,115,116,47,100,97,116,97,98,97,115,101,115,47,40,100,101,102,97,117,108,116,41,47,100,111,99,117,109,101,110,116,115,47,97,102,116,101,114,71,97,108,97,47,79,118,76,75,120,54,115,74,109,74,109,109,53,108,118,114,108,81,83,89,18,16,10,4,116,121,112,101,18,8,138,1,5,109,98,119,97,121,18,37,10,5,101,109,97,105,108,18,28,138,1,25,98,101,97,116,114,105,122,99,111,115,116,97,102,48,50,64,103,109,97,105,108,46,99,111,109,18,21,10,5,112,104,111,110,101,18,12,138,1,9,57,49,50,56,57,54,50,48,50,18,18,10,5,116,111,116,97,108,18,9,25,0,0,0,0,0,0,248,63,18,22,10,16,114,101,102,101,114,101,110,99,101,67,114,101,97,116,101,100,18,2,8,1,18,11,10,5,101,114,114,111,114,18,2,88,0,26,12,8,194,185,148,189,6,16,144,208,183,162,1,34,11,8,214,185,148,189,6,16,152,185,206,64,18,248,1,10,81,112,114,111,106,101,99,116,115,47,103,97,108,97,45,116,104,105,114,115,116,47,100,97,116,97,98,97,115,101,115,47,40,100,101,102,97,117,108,116,41,47,100,111,99,117,109,101,110,116,115,47,97,102,116,101,114,71,97,108,97,47,79,118,76,75,120,54,115,74,109,74,109,109,53,108,118,114,108,81,83,89,18,16,10,4,116,121,112,101,18,8,138,1,5,109,98,119,97,121,18,37,10,5,101,109,97,105,108,18,28,138,1,25,98,101,97,116,114,105,122,99,111,115,116,97,102,48,50,64,103,109,97,105,108,46,99,111,109,18,21,10,5,112,104,111,110,101,18,12,138,1,9,57,49,50,56,57,54,50,48,50,18,22,10,16,114,101,102,101,114,101,110,99,101,67,114,101,97,116,101,100,18,2,8,0,18,11,10,5,101,114,114,111,114,18,2,8,0,18,18,10,5,116,111,116,97,108,18,9,25,0,0,0,0,0,0,248,63,26,12,8,194,185,148,189,6,16,144,208,183,162,1,34,12,8,205,185,148,189,6,16,160,198,139,239,2,26,0]}} {"metadata":{"emulator":{"name":"functions"},"function":{"name":"us-central1-moneyDonation"},"extension":{},"message":"[runtime-status] [31124] RunCloudEvent {\"specversion\":\"1.0\",\"type\":\"google.cloud.firestore.document.v1.updated\",\"source\":\"//firestore.googleapis.com/projects/projects/gala-thirst/databases/(default)\",\"id\":\"ab452441-48ee-4f0f-ac01-07ac47e6ad0e\",\"subject\":\"documents/afterGala/OvLKx6sJmJmm5lvrlQSY\",\"time\":\"2025-02-06T20:34:30Z\",\"datacontenttype\":\"application/protobuf\",\"dataschema\":\"https://github.com/googleapis/google-cloudevents/blob/main/proto/google/events/cloud/firestore/v1/data.proto\",\"location\":\"us-central1\",\"project\":\"gala-thirst\",\"database\":\"(default)\",\"namespace\":\"(default)\",\"document\":\"afterGala/OvLKx6sJmJmm5lvrlQSY\",\"data\":{\"type\":\"Buffer\",\"data\":[10,247,1,10,81,112,114,111,106,101,99,116,115,47,103,97,108,97,45,116,104,105,114,115,116,47,100,97,116,97,98,97,115,101,115,47,40,100,101,102,97,117,108,116,41,47,100,111,99,117,109,101,110,116,115,47,97,102,116,101,114,71,97,108,97,47,79,118,76,75,120,54,115,74,109,74,109,109,53,108,118,114,108,81,83,89,18,16,10,4,116,121,112,101,18,8,138,1,5,109,98,119,97,121,18,37,10,5,101,109,97,105,108,18,28,138,1,25,98,101,97,116,114,105,122,99,111,115,116,97,102,48,50,64,103,109,97,105,108,46,99,111,109,18,21,10,5,112,104,111,110,101,18,12,138,1,9,57,49,50,56,57,54,50,48,50,18,18,10,5,116,111,116,97,108,18,9,25,0,0,0,0,0,0,248,63,18,22,10,16,114,101,102,101,114,101,110,99,101,67,114,101,97,116,101,100,18,2,8,1,18,11,10,5,101,114,114,111,114,18,2,88,0,26,12,8,194,185,148,189,6,16,144,208,183,162,1,34,11,8,214,185,148,189,6,16,152,185,206,64,18,248,1,10,81,112,114,111,106,101,99,116,115,47,103,97,108,97,45,116,104,105,114,115,116,47,100,97,116,97,98,97,115,101,115,47,40,100,101,102,97,117,108,116,41,47,100,111,99,117,109,101,110,116,115,47,97,102,116,101,114,71,97,108,97,47,79,118,76,75,120,54,115,74,109,74,109,109,53,108,118,114,108,81,83,89,18,16,10,4,116,121,112,101,18,8,138,1,5,109,98,119,97,121,18,37,10,5,101,109,97,105,108,18,28,138,1,25,98,101,97,116,114,105,122,99,111,115,116,97,102,48,50,64,103,109,97,105,108,46,99,111,109,18,21,10,5,112,104,111,110,101,18,12,138,1,9,57,49,50,56,57,54,50,48,50,18,22,10,16,114,101,102,101,114,101,110,99,101,67,114,101,97,116,101,100,18,2,8,0,18,11,10,5,101,114,114,111,114,18,2,8,0,18,18,10,5,116,111,116,97,108,18,9,25,0,0,0,0,0,0,248,63,26,12,8,194,185,148,189,6,16,144,208,183,162,1,34,12,8,205,185,148,189,6,16,160,198,139,239,2,26,0]}}"}}
[info] >  {"severity":"INFO","message":"Evento disparado para documento: OvLKx6sJmJmm5lvrlQSY"} {"user":{"severity":"INFO","message":"Evento disparado para documento: OvLKx6sJmJmm5lvrlQSY"},"metadata":{"emulator":{"name":"functions"},"function":{"name":"us-central1-moneyDonation"},"extension":{},"message":"\u001b[90m> \u001b[39m {\"severity\":\"INFO\",\"message\":\"Evento disparado para documento: OvLKx6sJmJmm5lvrlQSY\"}"}}
[debug] [2025-02-06T20:34:30.186Z] Finishing up request with event=pause {"metadata":{"emulator":{"name":"functions"},"function":{"name":"us-central1-moneyDonation"},"extension":{},"message":"Finishing up request with event=pause"}}
[info] i  functions: Finished "us-central1-moneyDonation" in 7.7719ms {"metadata":{"emulator":{"name":"functions"},"function":{"name":"us-central1-moneyDonation"},"extension":{},"message":"Finished \"us-central1-moneyDonation\" in 7.7719ms"}}
[debug] [2025-02-06T20:34:30.187Z] [worker-us-central1-moneyDonation-95b8b79d-e7f4-4dde-a870-982c801887c1]: IDLE {"metadata":{"emulator":{"name":"functions"},"function":{"name":"us-central1-moneyDonation"},"extension":{},"message":"[worker-us-central1-moneyDonation-95b8b79d-e7f4-4dde-a870-982c801887c1]: IDLE"}}
[debug] [2025-02-06T20:34:30.188Z] Finishing up request with event=finish {"metadata":{"emulator":{"name":"functions"},"function":{"name":"us-central1-moneyDonation"},"extension":{},"message":"Finishing up request with event=finish"}}
[debug] [2025-02-06T20:34:30.188Z] Finishing up request with event=close {"metadata":{"emulator":{"name":"functions"},"function":{"name":"us-central1-moneyDonation"},"extension":{},"message":"Finishing up request with event=close"}}
[debug] [2025-02-06T20:34:30.188Z] [work-queue] {"queuedWork":[],"queueLength":0,"runningWork":[],"workRunningCount":0}
[info] >  {"type":"mbway","email":"beatrizcostaf02@gmail.com","phone":"912896202","total":1.5,"referenceCreated":true,"error":null,"severity":"INFO","message":"Dados do documento recebidos:"} {"user":{"type":"mbway","email":"beatrizcostaf02@gmail.com","phone":"912896202","total":1.5,"referenceCreated":true,"error":null,"severity":"INFO","message":"Dados do documento recebidos:"},"metadata":{"emulator":{"name":"functions"},"function":{"name":"us-central1-moneyDonation"},"extension":{},"message":"\u001b[90m> \u001b[39m {\"type\":\"mbway\",\"email\":\"beatrizcostaf02@gmail.com\",\"phone\":\"912896202\",\"total\":1.5,\"referenceCreated\":true,\"error\":null,\"severity\":\"INFO\",\"message\":\"Dados do documento recebidos:\"}"}}
[info] >  {"severity":"INFO","message":"Pagamento já processado para OvLKx6sJmJmm5lvrlQSY, ignorando..."} {"user":{"severity":"INFO","message":"Pagamento já processado para OvLKx6sJmJmm5lvrlQSY, ignorando..."},"metadata":{"emulator":{"name":"functions"},"function":{"name":"us-central1-moneyDonation"},"extension":{},"message":"\u001b[90m> \u001b[39m {\"severity\":\"INFO\",\"message\":\"Pagamento já processado para OvLKx6sJmJmm5lvrlQSY, ignorando...\"}"}}
[debug] [2025-02-06T20:53:42.938Z] File C:\gala-thirst\functions\index.js changed, reloading triggers {"metadata":{"emulator":{"name":"functions"},"message":"File C:\\gala-thirst\\functions\\index.js changed, reloading triggers"}}
[debug] [2025-02-06T20:53:43.944Z] Validating nodejs source
[warn] !  functions: package.json indicates an outdated version of firebase-functions. Please upgrade using npm install --save firebase-functions@latest in your functions directory. 
[debug] [2025-02-06T20:53:45.729Z] > [functions] package.json contents: {
  "name": "functions",
  "description": "Cloud Functions for Firebase",
  "scripts": {
    "lint": "eslint .",
    "serve": "firebase emulators:start --only functions",
    "shell": "firebase functions:shell",
    "start": "npm run shell",
    "deploy": "firebase deploy --only functions",
    "logs": "firebase functions:log"
  },
  "engines": {
    "node": "22"
  },
  "main": "index.js",
  "dependencies": {
    "dotenv": "^16.4.7",
    "firebase-admin": "^12.6.0",
    "firebase-functions": "^6.0.1"
  },
  "devDependencies": {
    "eslint": "^8.15.0",
    "eslint-config-google": "^0.14.0",
    "firebase-functions-test": "^3.1.0"
  },
  "private": true
}
[debug] [2025-02-06T20:53:45.729Z] Building nodejs source
[debug] [2025-02-06T20:53:45.730Z] Failed to find version of module node: reached end of search path C:\gala-thirst\functions\node_modules
[warn] !  functions: Your requested "node" version "22" doesn't match your global version "20". Using node@20 from host. 
[info] i  functions: Loaded environment variables from .env. 
[debug] [2025-02-06T20:53:45.734Z] Could not find functions.yaml. Must use http discovery
[debug] [2025-02-06T20:53:45.747Z] Found firebase-functions binary at 'C:\gala-thirst\functions\node_modules\.bin\firebase-functions'
[info] Serving at port 8725

[debug] [2025-02-06T20:53:46.609Z] Got response from /__/functions.yaml {"endpoints":{"moneyRequest":{"availableMemoryMb":null,"timeoutSeconds":null,"minInstances":null,"maxInstances":null,"ingressSettings":null,"concurrency":null,"serviceAccountEmail":null,"vpc":null,"platform":"gcfv2","labels":{},"eventTrigger":{"eventType":"google.cloud.firestore.document.v1.created","eventFilters":{"database":"(default)","namespace":"(default)"},"eventFilterPathPatterns":{"document":"ticketBuyer/{id}"},"retry":false},"entryPoint":"moneyRequest"},"moneyDonation":{"availableMemoryMb":null,"timeoutSeconds":null,"minInstances":null,"maxInstances":null,"ingressSettings":null,"concurrency":null,"serviceAccountEmail":null,"vpc":null,"platform":"gcfv2","labels":{},"eventTrigger":{"eventType":"google.cloud.firestore.document.v1.updated","eventFilters":{"database":"(default)","namespace":"(default)"},"eventFilterPathPatterns":{"document":"afterGala/{id}"},"retry":false},"entryPoint":"moneyDonation"}},"specVersion":"v1alpha1","requiredAPIs":[],"extensions":{}}
[debug] [2025-02-06T20:53:51.653Z] defaultcredentials: writing to file C:\Users\beatr\AppData\Roaming\firebase\dtsi_thirstproject_pt_application_default_credentials.json
[debug] [2025-02-06T20:53:51.654Z] Setting GAC to C:\Users\beatr\AppData\Roaming\firebase\dtsi_thirstproject_pt_application_default_credentials.json {"metadata":{"emulator":{"name":"functions"},"message":"Setting GAC to C:\\Users\\beatr\\AppData\\Roaming\\firebase\\dtsi_thirstproject_pt_application_default_credentials.json"}}
[info] +  functions: Loaded functions definitions from source: moneyRequest, moneyDonation. {"metadata":{"emulator":{"name":"functions"},"message":"Loaded functions definitions from source: moneyRequest, moneyDonation."}}
[debug] [2025-02-06T20:53:51.656Z] [worker-pool] Shutting down IDLE worker (us-central1-moneyDonation) {"metadata":{"emulator":{"name":"functions"},"message":"[worker-pool] Shutting down IDLE worker (us-central1-moneyDonation)"}}
[debug] [2025-02-06T20:53:51.657Z] [worker-us-central1-moneyDonation-95b8b79d-e7f4-4dde-a870-982c801887c1]: FINISHING {"metadata":{"emulator":{"name":"functions"},"function":{"name":"us-central1-moneyDonation"},"extension":{},"message":"[worker-us-central1-moneyDonation-95b8b79d-e7f4-4dde-a870-982c801887c1]: FINISHING"}}
[debug] [2025-02-06T20:53:51.662Z] Feb 06, 2025 8:53:51 PM io.netty.channel.DefaultChannelPipeline onUnhandledInboundException
WARNING: An exceptionCaught() event was fired, and it reached at the tail of the pipeline. It usually means the last handler in the pipeline did not handle the exception.
java.net.SocketException: Connection reset
	at java.base/sun.nio.ch.SocketChannelImpl.throwConnectionReset(SocketChannelImpl.java:401)
	at java.base/sun.nio.ch.SocketChannelImpl.read(SocketChannelImpl.java:434)
	at io.netty.buffer.PooledByteBuf.setBytes(PooledByteBuf.java:255)
	at io.netty.buffer.AbstractByteBuf.writeBytes(AbstractByteBuf.java:1132)
	at io.netty.channel.socket.nio.NioSocketChannel.doReadBytes(NioSocketChannel.java:356)
	at io.netty.channel.nio.AbstractNioByteChannel$NioByteUnsafe.read(AbstractNioByteChannel.java:151)
	at io.netty.channel.nio.NioEventLoop.processSelectedKey(NioEventLoop.java:788)
	at io.netty.channel.nio.NioEventLoop.processSelectedKeysOptimized(NioEventLoop.java:724)
	at io.netty.channel.nio.NioEventLoop.processSelectedKeys(NioEventLoop.java:650)
	at io.netty.channel.nio.NioEventLoop.run(NioEventLoop.java:562)
	at io.netty.util.concurrent.SingleThreadEventExecutor$4.run(SingleThreadEventExecutor.java:994)
	at io.netty.util.internal.ThreadExecutorMap$2.run(ThreadExecutorMap.java:74)
	at io.netty.util.concurrent.FastThreadLocalRunnable.run(FastThreadLocalRunnable.java:30)
	at java.base/java.lang.Thread.run(Thread.java:1583)

 {"metadata":{"emulator":{"name":"firestore"},"message":"Feb 06, 2025 8:53:51 PM io.netty.channel.DefaultChannelPipeline onUnhandledInboundException\r\nWARNING: An exceptionCaught() event was fired, and it reached at the tail of the pipeline. It usually means the last handler in the pipeline did not handle the exception.\r\njava.net.SocketException: Connection reset\r\n\tat java.base/sun.nio.ch.SocketChannelImpl.throwConnectionReset(SocketChannelImpl.java:401)\r\n\tat java.base/sun.nio.ch.SocketChannelImpl.read(SocketChannelImpl.java:434)\r\n\tat io.netty.buffer.PooledByteBuf.setBytes(PooledByteBuf.java:255)\r\n\tat io.netty.buffer.AbstractByteBuf.writeBytes(AbstractByteBuf.java:1132)\r\n\tat io.netty.channel.socket.nio.NioSocketChannel.doReadBytes(NioSocketChannel.java:356)\r\n\tat io.netty.channel.nio.AbstractNioByteChannel$NioByteUnsafe.read(AbstractNioByteChannel.java:151)\r\n\tat io.netty.channel.nio.NioEventLoop.processSelectedKey(NioEventLoop.java:788)\r\n\tat io.netty.channel.nio.NioEventLoop.processSelectedKeysOptimized(NioEventLoop.java:724)\r\n\tat io.netty.channel.nio.NioEventLoop.processSelectedKeys(NioEventLoop.java:650)\r\n\tat io.netty.channel.nio.NioEventLoop.run(NioEventLoop.java:562)\r\n\tat io.netty.util.concurrent.SingleThreadEventExecutor$4.run(SingleThreadEventExecutor.java:994)\r\n\tat io.netty.util.internal.ThreadExecutorMap$2.run(ThreadExecutorMap.java:74)\r\n\tat io.netty.util.concurrent.FastThreadLocalRunnable.run(FastThreadLocalRunnable.java:30)\r\n\tat java.base/java.lang.Thread.run(Thread.java:1583)\r\n\r\n"}}
[debug] [2025-02-06T20:53:51.667Z] [worker-us-central1-moneyDonation-95b8b79d-e7f4-4dde-a870-982c801887c1]: exited {"metadata":{"emulator":{"name":"functions"},"function":{"name":"us-central1-moneyDonation"},"extension":{},"message":"[worker-us-central1-moneyDonation-95b8b79d-e7f4-4dde-a870-982c801887c1]: exited"}}
[debug] [2025-02-06T20:53:51.668Z] [worker-us-central1-moneyDonation-95b8b79d-e7f4-4dde-a870-982c801887c1]: FINISHED {"metadata":{"emulator":{"name":"functions"},"function":{"name":"us-central1-moneyDonation"},"extension":{},"message":"[worker-us-central1-moneyDonation-95b8b79d-e7f4-4dde-a870-982c801887c1]: FINISHED"}}
[debug] [2025-02-06T20:55:35.627Z] File C:\gala-thirst\functions\index.js changed, reloading triggers {"metadata":{"emulator":{"name":"functions"},"message":"File C:\\gala-thirst\\functions\\index.js changed, reloading triggers"}}
[debug] [2025-02-06T20:55:36.633Z] Validating nodejs source
[warn] !  functions: package.json indicates an outdated version of firebase-functions. Please upgrade using npm install --save firebase-functions@latest in your functions directory. 
[debug] [2025-02-06T20:55:37.768Z] > [functions] package.json contents: {
  "name": "functions",
  "description": "Cloud Functions for Firebase",
  "scripts": {
    "lint": "eslint .",
    "serve": "firebase emulators:start --only functions",
    "shell": "firebase functions:shell",
    "start": "npm run shell",
    "deploy": "firebase deploy --only functions",
    "logs": "firebase functions:log"
  },
  "engines": {
    "node": "22"
  },
  "main": "index.js",
  "dependencies": {
    "dotenv": "^16.4.7",
    "firebase-admin": "^12.6.0",
    "firebase-functions": "^6.0.1"
  },
  "devDependencies": {
    "eslint": "^8.15.0",
    "eslint-config-google": "^0.14.0",
    "firebase-functions-test": "^3.1.0"
  },
  "private": true
}
[debug] [2025-02-06T20:55:37.769Z] Building nodejs source
[debug] [2025-02-06T20:55:37.769Z] Failed to find version of module node: reached end of search path C:\gala-thirst\functions\node_modules
[warn] !  functions: Your requested "node" version "22" doesn't match your global version "20". Using node@20 from host. 
[info] i  functions: Loaded environment variables from .env. 
[debug] [2025-02-06T20:55:37.773Z] Could not find functions.yaml. Must use http discovery
[debug] [2025-02-06T20:55:37.783Z] Found firebase-functions binary at 'C:\gala-thirst\functions\node_modules\.bin\firebase-functions'
[info] Serving at port 8175

[debug] [2025-02-06T20:55:38.586Z] Got response from /__/functions.yaml {"endpoints":{"moneyRequest":{"availableMemoryMb":null,"timeoutSeconds":null,"minInstances":null,"maxInstances":null,"ingressSettings":null,"concurrency":null,"serviceAccountEmail":null,"vpc":null,"platform":"gcfv2","labels":{},"eventTrigger":{"eventType":"google.cloud.firestore.document.v1.created","eventFilters":{"database":"(default)","namespace":"(default)"},"eventFilterPathPatterns":{"document":"ticketBuyer/{id}"},"retry":false},"entryPoint":"moneyRequest"},"moneyDonation":{"availableMemoryMb":null,"timeoutSeconds":null,"minInstances":null,"maxInstances":null,"ingressSettings":null,"concurrency":null,"serviceAccountEmail":null,"vpc":null,"platform":"gcfv2","labels":{},"eventTrigger":{"eventType":"google.cloud.firestore.document.v1.updated","eventFilters":{"database":"(default)","namespace":"(default)"},"eventFilterPathPatterns":{"document":"afterGala/{id}"},"retry":false},"entryPoint":"moneyDonation"}},"specVersion":"v1alpha1","requiredAPIs":[],"extensions":{}}
[debug] [2025-02-06T20:55:43.627Z] defaultcredentials: writing to file C:\Users\beatr\AppData\Roaming\firebase\dtsi_thirstproject_pt_application_default_credentials.json
[debug] [2025-02-06T20:55:43.628Z] Setting GAC to C:\Users\beatr\AppData\Roaming\firebase\dtsi_thirstproject_pt_application_default_credentials.json {"metadata":{"emulator":{"name":"functions"},"message":"Setting GAC to C:\\Users\\beatr\\AppData\\Roaming\\firebase\\dtsi_thirstproject_pt_application_default_credentials.json"}}
[info] +  functions: Loaded functions definitions from source: moneyRequest, moneyDonation. {"metadata":{"emulator":{"name":"functions"},"message":"Loaded functions definitions from source: moneyRequest, moneyDonation."}}
[debug] [2025-02-06T21:07:14.326Z] File C:\gala-thirst\functions\index.js changed, reloading triggers {"metadata":{"emulator":{"name":"functions"},"message":"File C:\\gala-thirst\\functions\\index.js changed, reloading triggers"}}
[debug] [2025-02-06T21:07:15.332Z] Validating nodejs source
[warn] !  functions: package.json indicates an outdated version of firebase-functions. Please upgrade using npm install --save firebase-functions@latest in your functions directory. 
[debug] [2025-02-06T21:07:17.073Z] > [functions] package.json contents: {
  "name": "functions",
  "description": "Cloud Functions for Firebase",
  "scripts": {
    "lint": "eslint .",
    "serve": "firebase emulators:start --only functions",
    "shell": "firebase functions:shell",
    "start": "npm run shell",
    "deploy": "firebase deploy --only functions",
    "logs": "firebase functions:log"
  },
  "engines": {
    "node": "22"
  },
  "main": "index.js",
  "dependencies": {
    "dotenv": "^16.4.7",
    "firebase-admin": "^12.6.0",
    "firebase-functions": "^6.0.1"
  },
  "devDependencies": {
    "eslint": "^8.15.0",
    "eslint-config-google": "^0.14.0",
    "firebase-functions-test": "^3.1.0"
  },
  "private": true
}
[debug] [2025-02-06T21:07:17.073Z] Building nodejs source
[debug] [2025-02-06T21:07:17.073Z] Failed to find version of module node: reached end of search path C:\gala-thirst\functions\node_modules
[warn] !  functions: Your requested "node" version "22" doesn't match your global version "20". Using node@20 from host. 
[info] i  functions: Loaded environment variables from .env. 
[debug] [2025-02-06T21:07:17.077Z] Could not find functions.yaml. Must use http discovery
[debug] [2025-02-06T21:07:17.086Z] Found firebase-functions binary at 'C:\gala-thirst\functions\node_modules\.bin\firebase-functions'
[info] Serving at port 8489

[debug] [2025-02-06T21:07:17.823Z] Got response from /__/functions.yaml {"endpoints":{"moneyRequest":{"availableMemoryMb":null,"timeoutSeconds":null,"minInstances":null,"maxInstances":null,"ingressSettings":null,"concurrency":null,"serviceAccountEmail":null,"vpc":null,"platform":"gcfv2","labels":{},"eventTrigger":{"eventType":"google.cloud.firestore.document.v1.created","eventFilters":{"database":"(default)","namespace":"(default)"},"eventFilterPathPatterns":{"document":"ticketBuyer/{id}"},"retry":false},"entryPoint":"moneyRequest"},"moneyDonation":{"availableMemoryMb":null,"timeoutSeconds":null,"minInstances":null,"maxInstances":null,"ingressSettings":null,"concurrency":null,"serviceAccountEmail":null,"vpc":null,"platform":"gcfv2","labels":{},"eventTrigger":{"eventType":"google.cloud.firestore.document.v1.updated","eventFilters":{"database":"(default)","namespace":"(default)"},"eventFilterPathPatterns":{"document":"afterGala/{id}"},"retry":false},"entryPoint":"moneyDonation"}},"specVersion":"v1alpha1","requiredAPIs":[],"extensions":{}}
[debug] [2025-02-06T21:07:22.851Z] defaultcredentials: writing to file C:\Users\beatr\AppData\Roaming\firebase\dtsi_thirstproject_pt_application_default_credentials.json
[debug] [2025-02-06T21:07:22.852Z] Setting GAC to C:\Users\beatr\AppData\Roaming\firebase\dtsi_thirstproject_pt_application_default_credentials.json {"metadata":{"emulator":{"name":"functions"},"message":"Setting GAC to C:\\Users\\beatr\\AppData\\Roaming\\firebase\\dtsi_thirstproject_pt_application_default_credentials.json"}}
[info] +  functions: Loaded functions definitions from source: moneyRequest, moneyDonation. {"metadata":{"emulator":{"name":"functions"},"message":"Loaded functions definitions from source: moneyRequest, moneyDonation."}}
[debug] [2025-02-06T21:13:49.733Z] File C:\gala-thirst\functions\index.js changed, reloading triggers {"metadata":{"emulator":{"name":"functions"},"message":"File C:\\gala-thirst\\functions\\index.js changed, reloading triggers"}}
[debug] [2025-02-06T21:13:50.743Z] Validating nodejs source
[warn] !  functions: package.json indicates an outdated version of firebase-functions. Please upgrade using npm install --save firebase-functions@latest in your functions directory. 
[debug] [2025-02-06T21:13:52.054Z] > [functions] package.json contents: {
  "name": "functions",
  "description": "Cloud Functions for Firebase",
  "scripts": {
    "lint": "eslint .",
    "serve": "firebase emulators:start --only functions",
    "shell": "firebase functions:shell",
    "start": "npm run shell",
    "deploy": "firebase deploy --only functions",
    "logs": "firebase functions:log"
  },
  "engines": {
    "node": "22"
  },
  "main": "index.js",
  "dependencies": {
    "dotenv": "^16.4.7",
    "firebase-admin": "^12.6.0",
    "firebase-functions": "^6.0.1"
  },
  "devDependencies": {
    "eslint": "^8.15.0",
    "eslint-config-google": "^0.14.0",
    "firebase-functions-test": "^3.1.0"
  },
  "private": true
}
[debug] [2025-02-06T21:13:52.054Z] Building nodejs source
[debug] [2025-02-06T21:13:52.054Z] Failed to find version of module node: reached end of search path C:\gala-thirst\functions\node_modules
[warn] !  functions: Your requested "node" version "22" doesn't match your global version "20". Using node@20 from host. 
[info] i  functions: Loaded environment variables from .env. 
[debug] [2025-02-06T21:13:52.057Z] Could not find functions.yaml. Must use http discovery
[debug] [2025-02-06T21:13:52.065Z] Found firebase-functions binary at 'C:\gala-thirst\functions\node_modules\.bin\firebase-functions'
[info] Serving at port 8707

[debug] [2025-02-06T21:13:52.968Z] Got response from /__/functions.yaml {"endpoints":{"moneyRequest":{"availableMemoryMb":null,"timeoutSeconds":null,"minInstances":null,"maxInstances":null,"ingressSettings":null,"concurrency":null,"serviceAccountEmail":null,"vpc":null,"platform":"gcfv2","labels":{},"eventTrigger":{"eventType":"google.cloud.firestore.document.v1.created","eventFilters":{"database":"(default)","namespace":"(default)"},"eventFilterPathPatterns":{"document":"ticketBuyer/{id}"},"retry":false},"entryPoint":"moneyRequest"},"moneyDonation":{"availableMemoryMb":null,"timeoutSeconds":null,"minInstances":null,"maxInstances":null,"ingressSettings":null,"concurrency":null,"serviceAccountEmail":null,"vpc":null,"platform":"gcfv2","labels":{},"eventTrigger":{"eventType":"google.cloud.firestore.document.v1.updated","eventFilters":{"database":"(default)","namespace":"(default)"},"eventFilterPathPatterns":{"document":"afterGala/{id}"},"retry":false},"entryPoint":"moneyDonation"}},"specVersion":"v1alpha1","requiredAPIs":[],"extensions":{}}
[debug] [2025-02-06T21:13:57.994Z] defaultcredentials: writing to file C:\Users\beatr\AppData\Roaming\firebase\dtsi_thirstproject_pt_application_default_credentials.json
[debug] [2025-02-06T21:13:57.995Z] Setting GAC to C:\Users\beatr\AppData\Roaming\firebase\dtsi_thirstproject_pt_application_default_credentials.json {"metadata":{"emulator":{"name":"functions"},"message":"Setting GAC to C:\\Users\\beatr\\AppData\\Roaming\\firebase\\dtsi_thirstproject_pt_application_default_credentials.json"}}
[info] +  functions: Loaded functions definitions from source: moneyRequest, moneyDonation. {"metadata":{"emulator":{"name":"functions"},"message":"Loaded functions definitions from source: moneyRequest, moneyDonation."}}
